1. load config and dict
超过最大长度的样本数量为： 15
16
超过最大长度的样本数量为： 3
14
[0.001]
loss domain: 22.771514892578125
epoch: 0|    step: 100 |    loss: 22.771514892578125

Evaluation - intent_loss: 2.776514 slot_loss: 12.053890 acc: 0.7140% slot f1: 0.5424 sent acc: 0.1400 

[0.001]
loss domain: 10.85950756072998
epoch: 1|    step: 100 |    loss: 10.85950756072998

Evaluation - intent_loss: 2.728658 slot_loss: 5.787136 acc: 0.7140% slot f1: 0.7472 sent acc: 0.3480 

[0.001]
loss domain: 8.713896751403809
epoch: 2|    step: 100 |    loss: 8.713896751403809

Evaluation - intent_loss: 2.717669 slot_loss: 3.752892 acc: 0.7140% slot f1: 0.8236 sent acc: 0.4380 

[0.001]
loss domain: 7.101076126098633
epoch: 3|    step: 100 |    loss: 7.101076126098633

Evaluation - intent_loss: 2.715717 slot_loss: 2.585140 acc: 0.7140% slot f1: 0.8546 sent acc: 0.4860 

[0.001]
loss domain: 6.929218292236328
epoch: 4|    step: 100 |    loss: 6.929218292236328

Evaluation - intent_loss: 2.713689 slot_loss: 2.074093 acc: 0.7140% slot f1: 0.8693 sent acc: 0.5120 

[0.001]
loss domain: 7.43623161315918
epoch: 5|    step: 100 |    loss: 7.43623161315918

Evaluation - intent_loss: 2.713248 slot_loss: 1.595790 acc: 0.7140% slot f1: 0.8910 sent acc: 0.5300 

[0.001]
loss domain: 6.190436363220215
epoch: 6|    step: 100 |    loss: 6.190436363220215

Evaluation - intent_loss: 2.712418 slot_loss: 1.280988 acc: 0.7140% slot f1: 0.9168 sent acc: 0.5660 

[0.001]
loss domain: 4.4225287437438965
epoch: 7|    step: 100 |    loss: 4.4225287437438965

Evaluation - intent_loss: 2.711767 slot_loss: 1.089633 acc: 0.7140% slot f1: 0.9351 sent acc: 0.5960 

[0.001]
loss domain: 6.8160271644592285
epoch: 8|    step: 100 |    loss: 6.8160271644592285

Evaluation - intent_loss: 2.711572 slot_loss: 0.902188 acc: 0.7140% slot f1: 0.9512 sent acc: 0.6120 

[0.001]
loss domain: 5.694118499755859
epoch: 9|    step: 100 |    loss: 5.694118499755859

Evaluation - intent_loss: 2.711509 slot_loss: 0.808536 acc: 0.7140% slot f1: 0.9581 sent acc: 0.6160 

[0.001]
loss domain: 5.28620719909668
epoch: 10|    step: 100 |    loss: 5.28620719909668

Evaluation - intent_loss: 2.711484 slot_loss: 0.738434 acc: 0.7140% slot f1: 0.9607 sent acc: 0.6220 

[0.001]
loss domain: 5.395503044128418
epoch: 11|    step: 100 |    loss: 5.395503044128418

Evaluation - intent_loss: 2.710833 slot_loss: 0.709738 acc: 0.7140% slot f1: 0.9599 sent acc: 0.6280 

[0.001]
loss domain: 4.621407508850098
epoch: 12|    step: 100 |    loss: 4.621407508850098

Evaluation - intent_loss: 2.708092 slot_loss: 0.678215 acc: 0.7140% slot f1: 0.9614 sent acc: 0.6300 

[0.001]
loss domain: 5.156441688537598
epoch: 13|    step: 100 |    loss: 5.156441688537598

Evaluation - intent_loss: 2.433296 slot_loss: 0.621898 acc: 0.7440% slot f1: 0.9601 sent acc: 0.6500 

[0.001]
loss domain: 4.162173271179199
epoch: 14|    step: 100 |    loss: 4.162173271179199

Evaluation - intent_loss: 2.414997 slot_loss: 0.637766 acc: 0.7460% slot f1: 0.9653 sent acc: 0.6640 

[0.001]
loss domain: 4.838883876800537
epoch: 15|    step: 100 |    loss: 4.838883876800537

Evaluation - intent_loss: 2.414002 slot_loss: 0.582293 acc: 0.7460% slot f1: 0.9692 sent acc: 0.6700 

[0.001]
loss domain: 6.202789783477783
epoch: 16|    step: 100 |    loss: 6.202789783477783

Evaluation - intent_loss: 2.377058 slot_loss: 0.620502 acc: 0.7460% slot f1: 0.9675 sent acc: 0.6740 

[0.001]
loss domain: 5.751423358917236
epoch: 17|    step: 100 |    loss: 5.751423358917236

Evaluation - intent_loss: 1.944704 slot_loss: 0.553420 acc: 0.7960% slot f1: 0.9707 sent acc: 0.7160 

[0.001]
loss domain: 3.8344733715057373
epoch: 18|    step: 100 |    loss: 3.8344733715057373

Evaluation - intent_loss: 1.947743 slot_loss: 0.602298 acc: 0.7960% slot f1: 0.9690 sent acc: 0.7220 

[0.001]
loss domain: 4.857357025146484
epoch: 19|    step: 100 |    loss: 4.857357025146484

Evaluation - intent_loss: 2.061559 slot_loss: 0.583099 acc: 0.7840% slot f1: 0.9676 sent acc: 0.7060 

[0.001]
loss domain: 4.9590163230896
epoch: 20|    step: 100 |    loss: 4.9590163230896

Evaluation - intent_loss: 1.940960 slot_loss: 0.534842 acc: 0.7960% slot f1: 0.9686 sent acc: 0.7180 

[0.001]
loss domain: 4.096929550170898
epoch: 21|    step: 100 |    loss: 4.096929550170898

Evaluation - intent_loss: 1.981082 slot_loss: 0.541012 acc: 0.7920% slot f1: 0.9727 sent acc: 0.7240 

[0.001]
loss domain: 4.753429889678955
epoch: 22|    step: 100 |    loss: 4.753429889678955

Evaluation - intent_loss: 1.969550 slot_loss: 0.560177 acc: 0.7920% slot f1: 0.9733 sent acc: 0.7240 

[0.001]
loss domain: 3.667814254760742
epoch: 23|    step: 100 |    loss: 3.667814254760742

Evaluation - intent_loss: 1.957086 slot_loss: 0.583683 acc: 0.7940% slot f1: 0.9731 sent acc: 0.7220 

[0.001]
loss domain: 4.864937782287598
epoch: 24|    step: 100 |    loss: 4.864937782287598

Evaluation - intent_loss: 1.938061 slot_loss: 0.538411 acc: 0.7960% slot f1: 0.9751 sent acc: 0.7400 

[0.001]
loss domain: 3.167675733566284
epoch: 25|    step: 100 |    loss: 3.167675733566284

Evaluation - intent_loss: 1.576654 slot_loss: 0.620014 acc: 0.8360% slot f1: 0.9658 sent acc: 0.7620 

[0.001]
loss domain: 3.9851620197296143
epoch: 26|    step: 100 |    loss: 3.9851620197296143

Evaluation - intent_loss: 1.473921 slot_loss: 0.571299 acc: 0.8480% slot f1: 0.9754 sent acc: 0.7880 

[0.001]
loss domain: 3.5957632064819336
epoch: 27|    step: 100 |    loss: 3.5957632064819336

Evaluation - intent_loss: 1.482163 slot_loss: 0.533308 acc: 0.8440% slot f1: 0.9716 sent acc: 0.7800 

[0.001]
loss domain: 3.4874608516693115
epoch: 28|    step: 100 |    loss: 3.4874608516693115

Evaluation - intent_loss: 1.406273 slot_loss: 0.591115 acc: 0.8540% slot f1: 0.9698 sent acc: 0.7800 

[0.001]
loss domain: 3.585448741912842
epoch: 29|    step: 100 |    loss: 3.585448741912842

Evaluation - intent_loss: 1.366260 slot_loss: 0.590567 acc: 0.8580% slot f1: 0.9710 sent acc: 0.7920 

[0.001]
loss domain: 2.7384018898010254
epoch: 30|    step: 100 |    loss: 2.7384018898010254

Evaluation - intent_loss: 1.057247 slot_loss: 0.557887 acc: 0.8900% slot f1: 0.9707 sent acc: 0.8160 

[0.001]
loss domain: 2.690760374069214
epoch: 31|    step: 100 |    loss: 2.690760374069214

Evaluation - intent_loss: 0.975121 slot_loss: 0.601199 acc: 0.9000% slot f1: 0.9707 sent acc: 0.8260 

[0.001]
loss domain: 2.749023914337158
epoch: 32|    step: 100 |    loss: 2.749023914337158

Evaluation - intent_loss: 1.022755 slot_loss: 0.605631 acc: 0.8940% slot f1: 0.9719 sent acc: 0.8180 

[0.001]
loss domain: 3.6095457077026367
epoch: 33|    step: 100 |    loss: 3.6095457077026367

Evaluation - intent_loss: 0.980677 slot_loss: 0.530659 acc: 0.9000% slot f1: 0.9740 sent acc: 0.8320 

[0.001]
loss domain: 3.2695565223693848
epoch: 34|    step: 100 |    loss: 3.2695565223693848

Evaluation - intent_loss: 0.972873 slot_loss: 0.545970 acc: 0.9000% slot f1: 0.9751 sent acc: 0.8300 

[0.001]
loss domain: 2.7389142513275146
epoch: 35|    step: 100 |    loss: 2.7389142513275146

Evaluation - intent_loss: 1.001539 slot_loss: 0.552956 acc: 0.8980% slot f1: 0.9760 sent acc: 0.8340 

[0.001]
loss domain: 3.540938377380371
epoch: 36|    step: 100 |    loss: 3.540938377380371

Evaluation - intent_loss: 0.999452 slot_loss: 0.488752 acc: 0.8960% slot f1: 0.9801 sent acc: 0.8380 

[0.001]
loss domain: 2.4546711444854736
epoch: 37|    step: 100 |    loss: 2.4546711444854736

Evaluation - intent_loss: 1.005066 slot_loss: 0.553841 acc: 0.8960% slot f1: 0.9743 sent acc: 0.8300 

[0.001]
loss domain: 3.1498725414276123
epoch: 38|    step: 100 |    loss: 3.1498725414276123

Evaluation - intent_loss: 0.969544 slot_loss: 0.573267 acc: 0.9000% slot f1: 0.9751 sent acc: 0.8340 

[0.001]
loss domain: 3.162332773208618
epoch: 39|    step: 100 |    loss: 3.162332773208618

Evaluation - intent_loss: 0.971016 slot_loss: 0.575380 acc: 0.9000% slot f1: 0.9789 sent acc: 0.8440 

[0.00025]
loss domain: 1.6492993831634521
epoch: 40|    step: 100 |    loss: 1.6492993831634521

Evaluation - intent_loss: 0.991056 slot_loss: 0.498920 acc: 0.8980% slot f1: 0.9807 sent acc: 0.8460 

[0.0005]
loss domain: 2.558650016784668
epoch: 41|    step: 100 |    loss: 2.558650016784668

Evaluation - intent_loss: 1.002605 slot_loss: 0.513937 acc: 0.8960% slot f1: 0.9795 sent acc: 0.8380 

[0.0005]
loss domain: 3.561650514602661
epoch: 42|    step: 100 |    loss: 3.561650514602661

Evaluation - intent_loss: 1.000434 slot_loss: 0.493678 acc: 0.8960% slot f1: 0.9786 sent acc: 0.8360 

[0.0005]
loss domain: 3.0309555530548096
epoch: 43|    step: 100 |    loss: 3.0309555530548096

Evaluation - intent_loss: 0.985538 slot_loss: 0.519622 acc: 0.8980% slot f1: 0.9795 sent acc: 0.8400 

[0.0005]
loss domain: 1.625537633895874
epoch: 44|    step: 100 |    loss: 1.625537633895874

Evaluation - intent_loss: 0.968481 slot_loss: 0.544327 acc: 0.9000% slot f1: 0.9778 sent acc: 0.8360 

[0.0005]
loss domain: 1.640356183052063
epoch: 45|    step: 100 |    loss: 1.640356183052063

Evaluation - intent_loss: 0.986175 slot_loss: 0.508013 acc: 0.8980% slot f1: 0.9795 sent acc: 0.8400 

[0.0005]
loss domain: 3.0297091007232666
epoch: 46|    step: 100 |    loss: 3.0297091007232666

Evaluation - intent_loss: 0.997984 slot_loss: 0.516163 acc: 0.8960% slot f1: 0.9792 sent acc: 0.8400 

[0.0005]
loss domain: 3.0242414474487305
epoch: 47|    step: 100 |    loss: 3.0242414474487305

Evaluation - intent_loss: 0.968208 slot_loss: 0.494338 acc: 0.9000% slot f1: 0.9774 sent acc: 0.8380 

[0.0005]
loss domain: 3.4894895553588867
epoch: 48|    step: 100 |    loss: 3.4894895553588867

Evaluation - intent_loss: 0.966149 slot_loss: 0.531468 acc: 0.9000% slot f1: 0.9780 sent acc: 0.8420 

[0.0005]
loss domain: 2.0979082584381104
epoch: 49|    step: 100 |    loss: 2.0979082584381104

Evaluation - intent_loss: 0.862598 slot_loss: 0.528646 acc: 0.9120% slot f1: 0.9760 sent acc: 0.8460 

[0.0005]
loss domain: 2.6786816120147705
epoch: 50|    step: 100 |    loss: 2.6786816120147705

Evaluation - intent_loss: 0.803492 slot_loss: 0.514620 acc: 0.9160% slot f1: 0.9792 sent acc: 0.8580 

[0.0005]
loss domain: 2.7880568504333496
epoch: 51|    step: 100 |    loss: 2.7880568504333496

Evaluation - intent_loss: 0.810408 slot_loss: 0.498229 acc: 0.9160% slot f1: 0.9795 sent acc: 0.8600 

[0.0005]
loss domain: 3.6874425411224365
epoch: 52|    step: 100 |    loss: 3.6874425411224365

Evaluation - intent_loss: 0.825798 slot_loss: 0.523882 acc: 0.9140% slot f1: 0.9760 sent acc: 0.8440 

[0.0005]
loss domain: 2.9751315116882324
epoch: 53|    step: 100 |    loss: 2.9751315116882324

Evaluation - intent_loss: 0.873411 slot_loss: 0.516058 acc: 0.9080% slot f1: 0.9789 sent acc: 0.8440 

[0.0005]
loss domain: 2.5549585819244385
epoch: 54|    step: 100 |    loss: 2.5549585819244385

Evaluation - intent_loss: 0.830470 slot_loss: 0.516069 acc: 0.9120% slot f1: 0.9777 sent acc: 0.8520 

[0.0005]
loss domain: 2.3320231437683105
epoch: 55|    step: 100 |    loss: 2.3320231437683105

Evaluation - intent_loss: 0.798756 slot_loss: 0.480468 acc: 0.9160% slot f1: 0.9792 sent acc: 0.8560 

[0.0005]
loss domain: 2.0839898586273193
epoch: 56|    step: 100 |    loss: 2.0839898586273193

Evaluation - intent_loss: 0.826583 slot_loss: 0.493642 acc: 0.9160% slot f1: 0.9765 sent acc: 0.8600 

[0.0005]
loss domain: 2.7913873195648193
epoch: 57|    step: 100 |    loss: 2.7913873195648193

Evaluation - intent_loss: 0.807433 slot_loss: 0.497669 acc: 0.9160% slot f1: 0.9762 sent acc: 0.8480 

[0.0005]
loss domain: 3.0105392932891846
epoch: 58|    step: 100 |    loss: 3.0105392932891846

Evaluation - intent_loss: 0.807610 slot_loss: 0.503245 acc: 0.9160% slot f1: 0.9771 sent acc: 0.8480 

[0.0005]
loss domain: 2.3496196269989014
epoch: 59|    step: 100 |    loss: 2.3496196269989014

Evaluation - intent_loss: 0.792902 slot_loss: 0.492165 acc: 0.9180% slot f1: 0.9775 sent acc: 0.8580 

[0.0005]
loss domain: 3.009573221206665
epoch: 60|    step: 100 |    loss: 3.009573221206665

Evaluation - intent_loss: 0.806094 slot_loss: 0.497255 acc: 0.9160% slot f1: 0.9801 sent acc: 0.8640 

[0.0005]
loss domain: 2.0614471435546875
epoch: 61|    step: 100 |    loss: 2.0614471435546875

Evaluation - intent_loss: 0.782731 slot_loss: 0.476385 acc: 0.9180% slot f1: 0.9789 sent acc: 0.8640 

[0.0005]
loss domain: 2.1259002685546875
epoch: 62|    step: 100 |    loss: 2.1259002685546875

Evaluation - intent_loss: 0.786131 slot_loss: 0.468544 acc: 0.9180% slot f1: 0.9769 sent acc: 0.8500 

[0.0005]
loss domain: 2.3273844718933105
epoch: 63|    step: 100 |    loss: 2.3273844718933105

Evaluation - intent_loss: 0.798126 slot_loss: 0.517547 acc: 0.9160% slot f1: 0.9766 sent acc: 0.8480 

[0.0005]
loss domain: 1.9122172594070435
epoch: 64|    step: 100 |    loss: 1.9122172594070435

Evaluation - intent_loss: 0.769024 slot_loss: 0.534420 acc: 0.9200% slot f1: 0.9751 sent acc: 0.8540 

[0.0005]
loss domain: 1.8647902011871338
epoch: 65|    step: 100 |    loss: 1.8647902011871338

Evaluation - intent_loss: 0.762314 slot_loss: 0.484105 acc: 0.9200% slot f1: 0.9783 sent acc: 0.8540 

[0.0005]
loss domain: 2.569658041000366
epoch: 66|    step: 100 |    loss: 2.569658041000366

Evaluation - intent_loss: 0.742202 slot_loss: 0.461742 acc: 0.9220% slot f1: 0.9748 sent acc: 0.8580 

[0.0005]
loss domain: 2.0968289375305176
epoch: 67|    step: 100 |    loss: 2.0968289375305176

Evaluation - intent_loss: 0.741797 slot_loss: 0.494461 acc: 0.9220% slot f1: 0.9745 sent acc: 0.8500 

[0.0005]
loss domain: 2.613684892654419
epoch: 68|    step: 100 |    loss: 2.613684892654419

Evaluation - intent_loss: 0.774599 slot_loss: 0.494821 acc: 0.9180% slot f1: 0.9762 sent acc: 0.8460 

[0.0005]
loss domain: 1.8569611310958862
epoch: 69|    step: 100 |    loss: 1.8569611310958862

Evaluation - intent_loss: 0.776537 slot_loss: 0.512921 acc: 0.9180% slot f1: 0.9736 sent acc: 0.8380 

[0.000125]
loss domain: 2.317815065383911
epoch: 70|    step: 100 |    loss: 2.317815065383911

Evaluation - intent_loss: 0.745034 slot_loss: 0.505781 acc: 0.9220% slot f1: 0.9757 sent acc: 0.8500 

[0.00025]
loss domain: 2.1216800212860107
epoch: 71|    step: 100 |    loss: 2.1216800212860107

Evaluation - intent_loss: 0.764834 slot_loss: 0.498216 acc: 0.9200% slot f1: 0.9760 sent acc: 0.8480 

[0.00025]
loss domain: 2.9956436157226562
epoch: 72|    step: 100 |    loss: 2.9956436157226562

Evaluation - intent_loss: 0.724376 slot_loss: 0.537158 acc: 0.9240% slot f1: 0.9710 sent acc: 0.8420 

[0.00025]
loss domain: 2.7821927070617676
epoch: 73|    step: 100 |    loss: 2.7821927070617676

Evaluation - intent_loss: 0.733193 slot_loss: 0.502506 acc: 0.9240% slot f1: 0.9765 sent acc: 0.8580 

[0.00025]
loss domain: 3.2637102603912354
epoch: 74|    step: 100 |    loss: 3.2637102603912354

Evaluation - intent_loss: 0.722144 slot_loss: 0.505661 acc: 0.9240% slot f1: 0.9763 sent acc: 0.8560 

[0.00025]
loss domain: 1.8708959817886353
epoch: 75|    step: 100 |    loss: 1.8708959817886353

Evaluation - intent_loss: 0.730342 slot_loss: 0.500654 acc: 0.9260% slot f1: 0.9763 sent acc: 0.8600 

[0.00025]
loss domain: 2.966463565826416
epoch: 76|    step: 100 |    loss: 2.966463565826416

Evaluation - intent_loss: 0.727348 slot_loss: 0.506407 acc: 0.9260% slot f1: 0.9754 sent acc: 0.8620 

[0.00025]
loss domain: 2.4627797603607178
epoch: 77|    step: 100 |    loss: 2.4627797603607178

Evaluation - intent_loss: 0.790785 slot_loss: 0.516225 acc: 0.9160% slot f1: 0.9757 sent acc: 0.8500 

[0.00025]
loss domain: 2.089130401611328
epoch: 78|    step: 100 |    loss: 2.089130401611328

Evaluation - intent_loss: 0.717229 slot_loss: 0.517986 acc: 0.9260% slot f1: 0.9756 sent acc: 0.8580 

[0.00025]
loss domain: 2.139004707336426
epoch: 79|    step: 100 |    loss: 2.139004707336426

Evaluation - intent_loss: 0.730055 slot_loss: 0.528330 acc: 0.9240% slot f1: 0.9742 sent acc: 0.8520 

[0.00025]
loss domain: 1.851790189743042
epoch: 80|    step: 100 |    loss: 1.851790189743042

Evaluation - intent_loss: 0.726730 slot_loss: 0.538023 acc: 0.9240% slot f1: 0.9748 sent acc: 0.8560 

[0.00025]
loss domain: 2.090804100036621
epoch: 81|    step: 100 |    loss: 2.090804100036621

Evaluation - intent_loss: 0.773970 slot_loss: 0.509153 acc: 0.9200% slot f1: 0.9748 sent acc: 0.8520 

[0.00025]
loss domain: 2.788783073425293
epoch: 82|    step: 100 |    loss: 2.788783073425293

Evaluation - intent_loss: 0.767083 slot_loss: 0.504231 acc: 0.9180% slot f1: 0.9765 sent acc: 0.8560 

[0.00025]
loss domain: 2.321138858795166
epoch: 83|    step: 100 |    loss: 2.321138858795166

Evaluation - intent_loss: 0.771233 slot_loss: 0.499327 acc: 0.9180% slot f1: 0.9792 sent acc: 0.8640 

[0.00025]
loss domain: 2.5595486164093018
epoch: 84|    step: 100 |    loss: 2.5595486164093018

Evaluation - intent_loss: 0.729306 slot_loss: 0.503320 acc: 0.9240% slot f1: 0.9754 sent acc: 0.8560 

[0.00025]
loss domain: 2.323880434036255
epoch: 85|    step: 100 |    loss: 2.323880434036255

Evaluation - intent_loss: 0.754650 slot_loss: 0.509171 acc: 0.9200% slot f1: 0.9780 sent acc: 0.8620 

[0.00025]
loss domain: 2.3140225410461426
epoch: 86|    step: 100 |    loss: 2.3140225410461426

Evaluation - intent_loss: 0.747674 slot_loss: 0.489747 acc: 0.9220% slot f1: 0.9777 sent acc: 0.8620 

[0.00025]
loss domain: 2.3192946910858154
epoch: 87|    step: 100 |    loss: 2.3192946910858154

Evaluation - intent_loss: 0.768946 slot_loss: 0.509394 acc: 0.9180% slot f1: 0.9792 sent acc: 0.8600 

[0.00025]
loss domain: 2.3139708042144775
epoch: 88|    step: 100 |    loss: 2.3139708042144775

Evaluation - intent_loss: 0.757766 slot_loss: 0.523687 acc: 0.9200% slot f1: 0.9766 sent acc: 0.8560 

[0.00025]
loss domain: 1.6223690509796143
epoch: 89|    step: 100 |    loss: 1.6223690509796143

Evaluation - intent_loss: 0.736561 slot_loss: 0.525988 acc: 0.9220% slot f1: 0.9777 sent acc: 0.8600 

[0.00025]
loss domain: 2.7812886238098145
epoch: 90|    step: 100 |    loss: 2.7812886238098145

Evaluation - intent_loss: 0.734117 slot_loss: 0.520785 acc: 0.9220% slot f1: 0.9772 sent acc: 0.8580 

[0.00025]
loss domain: 2.3309214115142822
epoch: 91|    step: 100 |    loss: 2.3309214115142822

Evaluation - intent_loss: 0.705207 slot_loss: 0.508007 acc: 0.9260% slot f1: 0.9789 sent acc: 0.8640 

[0.00025]
loss domain: 1.8816224336624146
epoch: 92|    step: 100 |    loss: 1.8816224336624146

Evaluation - intent_loss: 0.726843 slot_loss: 0.538105 acc: 0.9240% slot f1: 0.9780 sent acc: 0.8640 

[0.00025]
loss domain: 2.574828863143921
epoch: 93|    step: 100 |    loss: 2.574828863143921

Evaluation - intent_loss: 0.753530 slot_loss: 0.554400 acc: 0.9220% slot f1: 0.9786 sent acc: 0.8640 

[0.00025]
loss domain: 2.7769038677215576
epoch: 94|    step: 100 |    loss: 2.7769038677215576

Evaluation - intent_loss: 0.740230 slot_loss: 0.557451 acc: 0.9220% slot f1: 0.9786 sent acc: 0.8660 

[0.00025]
loss domain: 2.3299546241760254
epoch: 95|    step: 100 |    loss: 2.3299546241760254

Evaluation - intent_loss: 0.734151 slot_loss: 0.548101 acc: 0.9220% slot f1: 0.9780 sent acc: 0.8600 

[0.00025]
loss domain: 2.570035457611084
epoch: 96|    step: 100 |    loss: 2.570035457611084

Evaluation - intent_loss: 0.726982 slot_loss: 0.562907 acc: 0.9240% slot f1: 0.9757 sent acc: 0.8580 

[0.00025]
loss domain: 3.0108771324157715
epoch: 97|    step: 100 |    loss: 3.0108771324157715

Evaluation - intent_loss: 0.733536 slot_loss: 0.540353 acc: 0.9240% slot f1: 0.9780 sent acc: 0.8600 

[0.00025]
loss domain: 3.246704578399658
epoch: 98|    step: 100 |    loss: 3.246704578399658

Evaluation - intent_loss: 0.726899 slot_loss: 0.534100 acc: 0.9240% slot f1: 0.9760 sent acc: 0.8540 

[0.00025]
loss domain: 2.084906578063965
epoch: 99|    step: 100 |    loss: 2.084906578063965

Evaluation - intent_loss: 0.758307 slot_loss: 0.566910 acc: 0.9200% slot f1: 0.9766 sent acc: 0.8560 

best_slot_f1: [0.846, 0.9806678383128296, 0.898, 40]
best_intent_acc: [0.86, 0.9762532981530343, 0.926, 75]
best_sent_acc: [0.866, 0.9786111924992675, 0.922, 94]
超过最大长度的样本数量为： 0
14
              precision    recall  f1-score   support

           0       1.00      1.00      1.00        33
           1       0.31      1.00      0.47         9
           3       0.87      1.00      0.93        48
           4       0.00      0.00      0.00         1
           6       0.93      1.00      0.96        38
           8       0.00      0.00      0.00        18
           9       0.00      0.00      0.00        21
          11       0.55      1.00      0.71         6
          12       0.00      0.00      0.00         2
          13       0.00      0.00      0.00        10
          14       0.94      1.00      0.97       632
          15       0.00      0.00      0.00        12
          16       0.00      0.00      0.00         1
          17       0.00      0.00      0.00         8
          18       0.00      0.00      0.00         1
          19       0.00      0.00      0.00         1
          20       0.00      0.00      0.00         7
          21       0.67      1.00      0.80        36
          23       0.00      0.00      0.00         6
          24       0.00      0.00      0.00         3

    accuracy                           0.90       893
   macro avg       0.26      0.35      0.29       893
weighted avg       0.82      0.90      0.86       893


Evaluation -  acc: 0.8981% slot f1: 0.9589 sent_acc: 0.8175  

