1. load config and dict
超过最大长度的样本数量为： 15
16
超过最大长度的样本数量为： 3
14
[0.001]
loss domain: 23.13949966430664
epoch: 0|    step: 100 |    loss: 23.13949966430664

Evaluation - intent_loss: 3.028686 slot_loss: 12.066689 acc: 0.7140% slot f1: 0.5405 sent acc: 0.1400 

[0.001]
loss domain: 11.258247375488281
epoch: 1|    step: 100 |    loss: 11.258247375488281

Evaluation - intent_loss: 2.978279 slot_loss: 5.800544 acc: 0.7140% slot f1: 0.7454 sent acc: 0.3460 

[0.001]
loss domain: 9.09476089477539
epoch: 2|    step: 100 |    loss: 9.09476089477539

Evaluation - intent_loss: 2.663932 slot_loss: 3.776229 acc: 0.7440% slot f1: 0.8221 sent acc: 0.4500 

[0.001]
loss domain: 7.63994026184082
epoch: 3|    step: 100 |    loss: 7.63994026184082

Evaluation - intent_loss: 2.567346 slot_loss: 2.599443 acc: 0.7460% slot f1: 0.8538 sent acc: 0.5000 

[0.001]
loss domain: 7.242071151733398
epoch: 4|    step: 100 |    loss: 7.242071151733398

Evaluation - intent_loss: 1.932851 slot_loss: 2.216354 acc: 0.8120% slot f1: 0.8676 sent acc: 0.5780 

[0.001]
loss domain: 6.778977394104004
epoch: 5|    step: 100 |    loss: 6.778977394104004

Evaluation - intent_loss: 1.633497 slot_loss: 1.677503 acc: 0.8460% slot f1: 0.8873 sent acc: 0.6200 

[0.001]
loss domain: 5.74282169342041
epoch: 6|    step: 100 |    loss: 5.74282169342041

Evaluation - intent_loss: 1.637265 slot_loss: 1.336884 acc: 0.8440% slot f1: 0.9115 sent acc: 0.6700 

[0.001]
loss domain: 3.3091254234313965
epoch: 7|    step: 100 |    loss: 3.3091254234313965

Evaluation - intent_loss: 1.576626 slot_loss: 1.153910 acc: 0.8500% slot f1: 0.9276 sent acc: 0.6880 

[0.001]
loss domain: 5.792100429534912
epoch: 8|    step: 100 |    loss: 5.792100429534912

Evaluation - intent_loss: 1.577012 slot_loss: 0.945260 acc: 0.8500% slot f1: 0.9466 sent acc: 0.7220 

[0.001]
loss domain: 4.886263847351074
epoch: 9|    step: 100 |    loss: 4.886263847351074

Evaluation - intent_loss: 1.445574 slot_loss: 0.821245 acc: 0.8620% slot f1: 0.9595 sent acc: 0.7500 

[0.001]
loss domain: 4.953222751617432
epoch: 10|    step: 100 |    loss: 4.953222751617432

Evaluation - intent_loss: 1.485337 slot_loss: 0.737730 acc: 0.8560% slot f1: 0.9604 sent acc: 0.7460 

[0.001]
loss domain: 5.297510623931885
epoch: 11|    step: 100 |    loss: 5.297510623931885

Evaluation - intent_loss: 1.224756 slot_loss: 0.701801 acc: 0.8860% slot f1: 0.9547 sent acc: 0.7700 

[0.001]
loss domain: 3.9615237712860107
epoch: 12|    step: 100 |    loss: 3.9615237712860107

Evaluation - intent_loss: 1.181804 slot_loss: 0.647059 acc: 0.8880% slot f1: 0.9608 sent acc: 0.7860 

[0.001]
loss domain: 4.0887956619262695
epoch: 13|    step: 100 |    loss: 4.0887956619262695

Evaluation - intent_loss: 1.144699 slot_loss: 0.607937 acc: 0.8920% slot f1: 0.9643 sent acc: 0.7920 

[0.001]
loss domain: 3.2454981803894043
epoch: 14|    step: 100 |    loss: 3.2454981803894043

Evaluation - intent_loss: 1.116229 slot_loss: 0.594177 acc: 0.8940% slot f1: 0.9631 sent acc: 0.7940 

[0.001]
loss domain: 3.8713371753692627
epoch: 15|    step: 100 |    loss: 3.8713371753692627

Evaluation - intent_loss: 1.043673 slot_loss: 0.552423 acc: 0.9040% slot f1: 0.9698 sent acc: 0.8160 

[0.001]
loss domain: 4.508681297302246
epoch: 16|    step: 100 |    loss: 4.508681297302246

Evaluation - intent_loss: 1.015639 slot_loss: 0.543158 acc: 0.9060% slot f1: 0.9718 sent acc: 0.8280 

[0.001]
loss domain: 6.207195281982422
epoch: 17|    step: 100 |    loss: 6.207195281982422

Evaluation - intent_loss: 0.962398 slot_loss: 0.514083 acc: 0.9100% slot f1: 0.9698 sent acc: 0.8240 

[0.001]
loss domain: 3.1277618408203125
epoch: 18|    step: 100 |    loss: 3.1277618408203125

Evaluation - intent_loss: 0.933816 slot_loss: 0.551213 acc: 0.9100% slot f1: 0.9672 sent acc: 0.8140 

[0.001]
loss domain: 4.439629554748535
epoch: 19|    step: 100 |    loss: 4.439629554748535

Evaluation - intent_loss: 0.882013 slot_loss: 0.517415 acc: 0.9160% slot f1: 0.9725 sent acc: 0.8360 

[0.001]
loss domain: 4.134664058685303
epoch: 20|    step: 100 |    loss: 4.134664058685303

Evaluation - intent_loss: 0.808456 slot_loss: 0.499779 acc: 0.9240% slot f1: 0.9712 sent acc: 0.8400 

[0.001]
loss domain: 3.5593807697296143
epoch: 21|    step: 100 |    loss: 3.5593807697296143

Evaluation - intent_loss: 0.761399 slot_loss: 0.491848 acc: 0.9300% slot f1: 0.9725 sent acc: 0.8540 

[0.001]
loss domain: 3.7042276859283447
epoch: 22|    step: 100 |    loss: 3.7042276859283447

Evaluation - intent_loss: 0.822106 slot_loss: 0.502693 acc: 0.9200% slot f1: 0.9751 sent acc: 0.8420 

[0.001]
loss domain: 2.9814319610595703
epoch: 23|    step: 100 |    loss: 2.9814319610595703

Evaluation - intent_loss: 0.777293 slot_loss: 0.509786 acc: 0.9240% slot f1: 0.9713 sent acc: 0.8420 

[0.001]
loss domain: 4.102426528930664
epoch: 24|    step: 100 |    loss: 4.102426528930664

Evaluation - intent_loss: 0.716730 slot_loss: 0.531941 acc: 0.9320% slot f1: 0.9722 sent acc: 0.8440 

[0.001]
loss domain: 2.9444785118103027
epoch: 25|    step: 100 |    loss: 2.9444785118103027

Evaluation - intent_loss: 0.589138 slot_loss: 0.463229 acc: 0.9460% slot f1: 0.9751 sent acc: 0.8640 

[0.001]
loss domain: 3.4925835132598877
epoch: 26|    step: 100 |    loss: 3.4925835132598877

Evaluation - intent_loss: 0.588147 slot_loss: 0.572947 acc: 0.9460% slot f1: 0.9690 sent acc: 0.8540 

[0.001]
loss domain: 3.018176555633545
epoch: 27|    step: 100 |    loss: 3.018176555633545

Evaluation - intent_loss: 0.498433 slot_loss: 0.573728 acc: 0.9540% slot f1: 0.9696 sent acc: 0.8620 

[0.001]
loss domain: 3.864011287689209
epoch: 28|    step: 100 |    loss: 3.864011287689209

Evaluation - intent_loss: 0.414544 slot_loss: 0.527414 acc: 0.9660% slot f1: 0.9698 sent acc: 0.8720 

[0.001]
loss domain: 3.327529191970825
epoch: 29|    step: 100 |    loss: 3.327529191970825

Evaluation - intent_loss: 0.433426 slot_loss: 0.540137 acc: 0.9600% slot f1: 0.9751 sent acc: 0.8760 

[0.001]
loss domain: 2.583343267440796
epoch: 30|    step: 100 |    loss: 2.583343267440796

Evaluation - intent_loss: 0.389617 slot_loss: 0.473219 acc: 0.9660% slot f1: 0.9786 sent acc: 0.9000 

[0.001]
loss domain: 2.65116286277771
epoch: 31|    step: 100 |    loss: 2.65116286277771

Evaluation - intent_loss: 0.362785 slot_loss: 0.570079 acc: 0.9700% slot f1: 0.9748 sent acc: 0.8900 

[0.001]
loss domain: 2.258139133453369
epoch: 32|    step: 100 |    loss: 2.258139133453369

Evaluation - intent_loss: 0.391036 slot_loss: 0.571664 acc: 0.9700% slot f1: 0.9693 sent acc: 0.8780 

[0.001]
loss domain: 3.6955041885375977
epoch: 33|    step: 100 |    loss: 3.6955041885375977

Evaluation - intent_loss: 0.415554 slot_loss: 0.544032 acc: 0.9640% slot f1: 0.9736 sent acc: 0.8840 

[0.001]
loss domain: 3.0288844108581543
epoch: 34|    step: 100 |    loss: 3.0288844108581543

Evaluation - intent_loss: 0.351530 slot_loss: 0.499122 acc: 0.9700% slot f1: 0.9783 sent acc: 0.9040 

[0.001]
loss domain: 2.877147674560547
epoch: 35|    step: 100 |    loss: 2.877147674560547

Evaluation - intent_loss: 0.398520 slot_loss: 0.532345 acc: 0.9620% slot f1: 0.9760 sent acc: 0.8860 

[0.001]
loss domain: 3.573237657546997
epoch: 36|    step: 100 |    loss: 3.573237657546997

Evaluation - intent_loss: 0.357182 slot_loss: 0.511914 acc: 0.9700% slot f1: 0.9762 sent acc: 0.8920 

[0.001]
loss domain: 2.6947073936462402
epoch: 37|    step: 100 |    loss: 2.6947073936462402

Evaluation - intent_loss: 0.372082 slot_loss: 0.543057 acc: 0.9640% slot f1: 0.9769 sent acc: 0.8860 

[0.001]
loss domain: 2.5519297122955322
epoch: 38|    step: 100 |    loss: 2.5519297122955322

Evaluation - intent_loss: 0.347099 slot_loss: 0.577078 acc: 0.9680% slot f1: 0.9760 sent acc: 0.8960 

[0.001]
loss domain: 2.7915186882019043
epoch: 39|    step: 100 |    loss: 2.7915186882019043

Evaluation - intent_loss: 0.329969 slot_loss: 0.490752 acc: 0.9700% slot f1: 0.9782 sent acc: 0.8980 

[0.00025]
loss domain: 1.795358657836914
epoch: 40|    step: 100 |    loss: 1.795358657836914

Evaluation - intent_loss: 0.289625 slot_loss: 0.423692 acc: 0.9760% slot f1: 0.9785 sent acc: 0.9080 

[0.0005]
loss domain: 2.5643625259399414
epoch: 41|    step: 100 |    loss: 2.5643625259399414

Evaluation - intent_loss: 0.302668 slot_loss: 0.444408 acc: 0.9720% slot f1: 0.9786 sent acc: 0.9020 

[0.0005]
loss domain: 3.5650362968444824
epoch: 42|    step: 100 |    loss: 3.5650362968444824

Evaluation - intent_loss: 0.277821 slot_loss: 0.442629 acc: 0.9780% slot f1: 0.9789 sent acc: 0.9100 

[0.0005]
loss domain: 2.7940077781677246
epoch: 43|    step: 100 |    loss: 2.7940077781677246

Evaluation - intent_loss: 0.290652 slot_loss: 0.443423 acc: 0.9700% slot f1: 0.9774 sent acc: 0.8940 

[0.0005]
loss domain: 1.8019064664840698
epoch: 44|    step: 100 |    loss: 1.8019064664840698

Evaluation - intent_loss: 0.302545 slot_loss: 0.436340 acc: 0.9720% slot f1: 0.9786 sent acc: 0.9060 

[0.0005]
loss domain: 1.5852779150009155
epoch: 45|    step: 100 |    loss: 1.5852779150009155

Evaluation - intent_loss: 0.308513 slot_loss: 0.471334 acc: 0.9680% slot f1: 0.9774 sent acc: 0.8940 

[0.0005]
loss domain: 2.562143564224243
epoch: 46|    step: 100 |    loss: 2.562143564224243

Evaluation - intent_loss: 0.275174 slot_loss: 0.451562 acc: 0.9740% slot f1: 0.9789 sent acc: 0.9000 

[0.0005]
loss domain: 3.023916006088257
epoch: 47|    step: 100 |    loss: 3.023916006088257

Evaluation - intent_loss: 0.287574 slot_loss: 0.443463 acc: 0.9760% slot f1: 0.9777 sent acc: 0.8980 

[0.0005]
loss domain: 3.3197877407073975
epoch: 48|    step: 100 |    loss: 3.3197877407073975

Evaluation - intent_loss: 0.284496 slot_loss: 0.451018 acc: 0.9740% slot f1: 0.9792 sent acc: 0.9020 

[0.0005]
loss domain: 2.299739360809326
epoch: 49|    step: 100 |    loss: 2.299739360809326

Evaluation - intent_loss: 0.277811 slot_loss: 0.467583 acc: 0.9720% slot f1: 0.9771 sent acc: 0.8980 

[0.0005]
loss domain: 2.5167713165283203
epoch: 50|    step: 100 |    loss: 2.5167713165283203

Evaluation - intent_loss: 0.298961 slot_loss: 0.463193 acc: 0.9720% slot f1: 0.9786 sent acc: 0.9000 

[0.0005]
loss domain: 3.045903205871582
epoch: 51|    step: 100 |    loss: 3.045903205871582

Evaluation - intent_loss: 0.285236 slot_loss: 0.454381 acc: 0.9720% slot f1: 0.9807 sent acc: 0.9040 

[0.0005]
loss domain: 3.317887306213379
epoch: 52|    step: 100 |    loss: 3.317887306213379

Evaluation - intent_loss: 0.293986 slot_loss: 0.452131 acc: 0.9740% slot f1: 0.9815 sent acc: 0.9100 

[0.0005]
loss domain: 2.6536316871643066
epoch: 53|    step: 100 |    loss: 2.6536316871643066

Evaluation - intent_loss: 0.288763 slot_loss: 0.436369 acc: 0.9720% slot f1: 0.9797 sent acc: 0.9040 

[0.0005]
loss domain: 2.5335609912872314
epoch: 54|    step: 100 |    loss: 2.5335609912872314

Evaluation - intent_loss: 0.273144 slot_loss: 0.440889 acc: 0.9780% slot f1: 0.9809 sent acc: 0.9120 

[0.0005]
loss domain: 2.569389581680298
epoch: 55|    step: 100 |    loss: 2.569389581680298

Evaluation - intent_loss: 0.268742 slot_loss: 0.440645 acc: 0.9740% slot f1: 0.9818 sent acc: 0.9100 

[0.0005]
loss domain: 2.2924280166625977
epoch: 56|    step: 100 |    loss: 2.2924280166625977

Evaluation - intent_loss: 0.288687 slot_loss: 0.458646 acc: 0.9720% slot f1: 0.9789 sent acc: 0.9000 

[0.0005]
loss domain: 3.0224075317382812
epoch: 57|    step: 100 |    loss: 3.0224075317382812

Evaluation - intent_loss: 0.318867 slot_loss: 0.453590 acc: 0.9700% slot f1: 0.9777 sent acc: 0.8940 

[0.0005]
loss domain: 3.3507437705993652
epoch: 58|    step: 100 |    loss: 3.3507437705993652

Evaluation - intent_loss: 0.312321 slot_loss: 0.450117 acc: 0.9720% slot f1: 0.9806 sent acc: 0.9020 

[0.0005]
loss domain: 2.716867685317993
epoch: 59|    step: 100 |    loss: 2.716867685317993

Evaluation - intent_loss: 0.316338 slot_loss: 0.449610 acc: 0.9700% slot f1: 0.9777 sent acc: 0.8960 

[0.0005]
loss domain: 3.2885782718658447
epoch: 60|    step: 100 |    loss: 3.2885782718658447

Evaluation - intent_loss: 0.317825 slot_loss: 0.458035 acc: 0.9680% slot f1: 0.9783 sent acc: 0.8920 

[0.0005]
loss domain: 1.5580617189407349
epoch: 61|    step: 100 |    loss: 1.5580617189407349

Evaluation - intent_loss: 0.318733 slot_loss: 0.481570 acc: 0.9720% slot f1: 0.9783 sent acc: 0.9020 

[0.0005]
loss domain: 2.3165812492370605
epoch: 62|    step: 100 |    loss: 2.3165812492370605

Evaluation - intent_loss: 0.377660 slot_loss: 0.465119 acc: 0.9640% slot f1: 0.9815 sent acc: 0.8980 

[0.0005]
loss domain: 2.5754618644714355
epoch: 63|    step: 100 |    loss: 2.5754618644714355

Evaluation - intent_loss: 0.309292 slot_loss: 0.481646 acc: 0.9740% slot f1: 0.9760 sent acc: 0.9000 

[0.0005]
loss domain: 2.03904128074646
epoch: 64|    step: 100 |    loss: 2.03904128074646

Evaluation - intent_loss: 0.337264 slot_loss: 0.470448 acc: 0.9720% slot f1: 0.9792 sent acc: 0.9020 

[0.0005]
loss domain: 2.04325532913208
epoch: 65|    step: 100 |    loss: 2.04325532913208

Evaluation - intent_loss: 0.300229 slot_loss: 0.452520 acc: 0.9720% slot f1: 0.9789 sent acc: 0.9080 

[0.0005]
loss domain: 2.557830810546875
epoch: 66|    step: 100 |    loss: 2.557830810546875

Evaluation - intent_loss: 0.378993 slot_loss: 0.455957 acc: 0.9640% slot f1: 0.9783 sent acc: 0.8980 

[0.0005]
loss domain: 2.041454553604126
epoch: 67|    step: 100 |    loss: 2.041454553604126

Evaluation - intent_loss: 0.331643 slot_loss: 0.448889 acc: 0.9720% slot f1: 0.9774 sent acc: 0.9020 

[0.0005]
loss domain: 2.557328224182129
epoch: 68|    step: 100 |    loss: 2.557328224182129

Evaluation - intent_loss: 0.334819 slot_loss: 0.488107 acc: 0.9680% slot f1: 0.9774 sent acc: 0.8960 

[0.0005]
loss domain: 2.0446391105651855
epoch: 69|    step: 100 |    loss: 2.0446391105651855

Evaluation - intent_loss: 0.328889 slot_loss: 0.470598 acc: 0.9740% slot f1: 0.9780 sent acc: 0.9040 

[0.000125]
loss domain: 2.52997088432312
epoch: 70|    step: 100 |    loss: 2.52997088432312

Evaluation - intent_loss: 0.297194 slot_loss: 0.492355 acc: 0.9740% slot f1: 0.9751 sent acc: 0.8960 

[0.00025]
loss domain: 1.5413786172866821
epoch: 71|    step: 100 |    loss: 1.5413786172866821

Evaluation - intent_loss: 0.349405 slot_loss: 0.473921 acc: 0.9700% slot f1: 0.9789 sent acc: 0.9040 

[0.00025]
loss domain: 2.803370237350464
epoch: 72|    step: 100 |    loss: 2.803370237350464

Evaluation - intent_loss: 0.327705 slot_loss: 0.479188 acc: 0.9720% slot f1: 0.9804 sent acc: 0.9080 

[0.00025]
loss domain: 2.545419931411743
epoch: 73|    step: 100 |    loss: 2.545419931411743

Evaluation - intent_loss: 0.292652 slot_loss: 0.461065 acc: 0.9740% slot f1: 0.9795 sent acc: 0.9120 

[0.00025]
loss domain: 3.021981954574585
epoch: 74|    step: 100 |    loss: 3.021981954574585

Evaluation - intent_loss: 0.321832 slot_loss: 0.480335 acc: 0.9720% slot f1: 0.9801 sent acc: 0.9100 

[0.00025]
loss domain: 1.7619330883026123
epoch: 75|    step: 100 |    loss: 1.7619330883026123

Evaluation - intent_loss: 0.287958 slot_loss: 0.478746 acc: 0.9740% slot f1: 0.9789 sent acc: 0.9060 

[0.00025]
loss domain: 2.5419328212738037
epoch: 76|    step: 100 |    loss: 2.5419328212738037

Evaluation - intent_loss: 0.298046 slot_loss: 0.478345 acc: 0.9720% slot f1: 0.9792 sent acc: 0.9040 

[0.00025]
loss domain: 2.2826650142669678
epoch: 77|    step: 100 |    loss: 2.2826650142669678

Evaluation - intent_loss: 0.282092 slot_loss: 0.472426 acc: 0.9780% slot f1: 0.9777 sent acc: 0.9100 

[0.00025]
loss domain: 2.1682584285736084
epoch: 78|    step: 100 |    loss: 2.1682584285736084

Evaluation - intent_loss: 0.313027 slot_loss: 0.498980 acc: 0.9720% slot f1: 0.9803 sent acc: 0.9120 

[0.00025]
loss domain: 2.3884694576263428
epoch: 79|    step: 100 |    loss: 2.3884694576263428

Evaluation - intent_loss: 0.302469 slot_loss: 0.467635 acc: 0.9740% slot f1: 0.9803 sent acc: 0.9100 

[0.00025]
loss domain: 1.5299564599990845
epoch: 80|    step: 100 |    loss: 1.5299564599990845

Evaluation - intent_loss: 0.285508 slot_loss: 0.442996 acc: 0.9780% slot f1: 0.9812 sent acc: 0.9140 

[0.00025]
loss domain: 2.042616367340088
epoch: 81|    step: 100 |    loss: 2.042616367340088

Evaluation - intent_loss: 0.313292 slot_loss: 0.437023 acc: 0.9720% slot f1: 0.9818 sent acc: 0.9080 

[0.00025]
loss domain: 3.0396997928619385
epoch: 82|    step: 100 |    loss: 3.0396997928619385

Evaluation - intent_loss: 0.323690 slot_loss: 0.447834 acc: 0.9700% slot f1: 0.9803 sent acc: 0.9040 

[0.00025]
loss domain: 2.0413196086883545
epoch: 83|    step: 100 |    loss: 2.0413196086883545

Evaluation - intent_loss: 0.348642 slot_loss: 0.454093 acc: 0.9700% slot f1: 0.9800 sent acc: 0.9020 

[0.00025]
loss domain: 1.8138762712478638
epoch: 84|    step: 100 |    loss: 1.8138762712478638

Evaluation - intent_loss: 0.336276 slot_loss: 0.452557 acc: 0.9680% slot f1: 0.9792 sent acc: 0.9000 

[0.00025]
loss domain: 2.383249521255493
epoch: 85|    step: 100 |    loss: 2.383249521255493

Evaluation - intent_loss: 0.314326 slot_loss: 0.470294 acc: 0.9720% slot f1: 0.9830 sent acc: 0.9140 

[0.00025]
loss domain: 2.520859479904175
epoch: 86|    step: 100 |    loss: 2.520859479904175

Evaluation - intent_loss: 0.357379 slot_loss: 0.477821 acc: 0.9680% slot f1: 0.9809 sent acc: 0.9100 

[0.00025]
loss domain: 2.29583740234375
epoch: 87|    step: 100 |    loss: 2.29583740234375

Evaluation - intent_loss: 0.326015 slot_loss: 0.478566 acc: 0.9700% slot f1: 0.9809 sent acc: 0.9080 

[0.00025]
loss domain: 2.3389947414398193
epoch: 88|    step: 100 |    loss: 2.3389947414398193

Evaluation - intent_loss: 0.338276 slot_loss: 0.479031 acc: 0.9720% slot f1: 0.9783 sent acc: 0.9020 

[0.00025]
loss domain: 1.548694372177124
epoch: 89|    step: 100 |    loss: 1.548694372177124

Evaluation - intent_loss: 0.333927 slot_loss: 0.500639 acc: 0.9720% slot f1: 0.9821 sent acc: 0.9100 

[0.00025]
loss domain: 3.108696699142456
epoch: 90|    step: 100 |    loss: 3.108696699142456

Evaluation - intent_loss: 0.327907 slot_loss: 0.501112 acc: 0.9720% slot f1: 0.9783 sent acc: 0.9060 

[0.00025]
loss domain: 2.296771764755249
epoch: 91|    step: 100 |    loss: 2.296771764755249

Evaluation - intent_loss: 0.320118 slot_loss: 0.473840 acc: 0.9740% slot f1: 0.9801 sent acc: 0.9080 

[0.00025]
loss domain: 2.042377471923828
epoch: 92|    step: 100 |    loss: 2.042377471923828

Evaluation - intent_loss: 0.354753 slot_loss: 0.492368 acc: 0.9700% slot f1: 0.9792 sent acc: 0.9040 

[0.00025]
loss domain: 2.782176971435547
epoch: 93|    step: 100 |    loss: 2.782176971435547

Evaluation - intent_loss: 0.308692 slot_loss: 0.483132 acc: 0.9740% slot f1: 0.9786 sent acc: 0.9060 

[0.00025]
loss domain: 2.3069658279418945
epoch: 94|    step: 100 |    loss: 2.3069658279418945

Evaluation - intent_loss: 0.343242 slot_loss: 0.481401 acc: 0.9720% slot f1: 0.9772 sent acc: 0.9000 

[0.00025]
loss domain: 2.2585246562957764
epoch: 95|    step: 100 |    loss: 2.2585246562957764

Evaluation - intent_loss: 0.353288 slot_loss: 0.505478 acc: 0.9720% slot f1: 0.9766 sent acc: 0.9000 

[0.00025]
loss domain: 2.558971881866455
epoch: 96|    step: 100 |    loss: 2.558971881866455

Evaluation - intent_loss: 0.332507 slot_loss: 0.517738 acc: 0.9720% slot f1: 0.9792 sent acc: 0.9060 

[0.00025]
loss domain: 3.0017051696777344
epoch: 97|    step: 100 |    loss: 3.0017051696777344

Evaluation - intent_loss: 0.345120 slot_loss: 0.514889 acc: 0.9720% slot f1: 0.9780 sent acc: 0.9040 

[0.00025]
loss domain: 2.68804669380188
epoch: 98|    step: 100 |    loss: 2.68804669380188

Evaluation - intent_loss: 0.358062 slot_loss: 0.525466 acc: 0.9720% slot f1: 0.9757 sent acc: 0.8980 

[0.00025]
loss domain: 2.303164482116699
epoch: 99|    step: 100 |    loss: 2.303164482116699

Evaluation - intent_loss: 0.395057 slot_loss: 0.529284 acc: 0.9640% slot f1: 0.9760 sent acc: 0.8940 

best_slot_f1: [0.914, 0.982981220657277, 0.972, 85]
best_intent_acc: [0.91, 0.9788732394366197, 0.978, 42]
best_sent_acc: [0.914, 0.9812096300645918, 0.978, 80]
超过最大长度的样本数量为： 0
14
              precision    recall  f1-score   support

           0       0.94      1.00      0.97        33
           1       1.00      0.89      0.94         9
           3       0.94      1.00      0.97        48
           4       0.00      0.00      0.00         1
           6       1.00      0.97      0.99        38
           8       0.94      0.89      0.91        18
           9       1.00      1.00      1.00        21
          11       0.75      1.00      0.86         6
          12       0.00      0.00      0.00         2
          13       0.90      0.90      0.90        10
          14       0.97      0.99      0.98       632
          15       0.75      0.25      0.38        12
          16       0.00      0.00      0.00         1
          17       0.00      0.00      0.00         8
          18       0.00      0.00      0.00         1
          19       0.50      1.00      0.67         1
          20       1.00      1.00      1.00         7
          21       1.00      1.00      1.00        36
          23       1.00      0.50      0.67         6
          24       0.43      1.00      0.60         3

    accuracy                           0.96       893
   macro avg       0.66      0.67      0.64       893
weighted avg       0.95      0.96      0.95       893


Evaluation -  acc: 0.9563% slot f1: 0.9570 sent_acc: 0.8477  

