1. load config and dict
超过最大长度的样本数量为： 15
16
超过最大长度的样本数量为： 3
14
[0.001]
loss domain: 22.7707462310791
epoch: 0|    step: 100 |    loss: 22.7707462310791

Evaluation - intent_loss: 2.776532 slot_loss: 12.051491 acc: 0.7140% slot f1: 0.5420 sent acc: 0.1400 

[0.001]
loss domain: 10.85818099975586
epoch: 1|    step: 100 |    loss: 10.85818099975586

Evaluation - intent_loss: 2.728347 slot_loss: 5.791186 acc: 0.7140% slot f1: 0.7469 sent acc: 0.3480 

[0.001]
loss domain: 8.709683418273926
epoch: 2|    step: 100 |    loss: 8.709683418273926

Evaluation - intent_loss: 2.717645 slot_loss: 3.749746 acc: 0.7140% slot f1: 0.8240 sent acc: 0.4380 

[0.001]
loss domain: 7.085392951965332
epoch: 3|    step: 100 |    loss: 7.085392951965332

Evaluation - intent_loss: 2.715762 slot_loss: 2.586940 acc: 0.7140% slot f1: 0.8546 sent acc: 0.4860 

[0.001]
loss domain: 6.93489933013916
epoch: 4|    step: 100 |    loss: 6.93489933013916

Evaluation - intent_loss: 2.713624 slot_loss: 2.079353 acc: 0.7140% slot f1: 0.8698 sent acc: 0.5140 

[0.001]
loss domain: 7.441090106964111
epoch: 5|    step: 100 |    loss: 7.441090106964111

Evaluation - intent_loss: 2.713109 slot_loss: 1.584584 acc: 0.7140% slot f1: 0.8901 sent acc: 0.5300 

[0.001]
loss domain: 6.205926895141602
epoch: 6|    step: 100 |    loss: 6.205926895141602

Evaluation - intent_loss: 2.712228 slot_loss: 1.277217 acc: 0.7140% slot f1: 0.9139 sent acc: 0.5640 

[0.001]
loss domain: 4.418870449066162
epoch: 7|    step: 100 |    loss: 4.418870449066162

Evaluation - intent_loss: 2.711783 slot_loss: 1.089901 acc: 0.7140% slot f1: 0.9337 sent acc: 0.5940 

[0.001]
loss domain: 6.796716213226318
epoch: 8|    step: 100 |    loss: 6.796716213226318

Evaluation - intent_loss: 2.711586 slot_loss: 0.901672 acc: 0.7140% slot f1: 0.9529 sent acc: 0.6160 

[0.001]
loss domain: 5.678023815155029
epoch: 9|    step: 100 |    loss: 5.678023815155029

Evaluation - intent_loss: 2.711498 slot_loss: 0.821563 acc: 0.7140% slot f1: 0.9555 sent acc: 0.6080 

[0.001]
loss domain: 5.261407852172852
epoch: 10|    step: 100 |    loss: 5.261407852172852

Evaluation - intent_loss: 2.711302 slot_loss: 0.733532 acc: 0.7140% slot f1: 0.9654 sent acc: 0.6300 

[0.001]
loss domain: 5.384490013122559
epoch: 11|    step: 100 |    loss: 5.384490013122559

Evaluation - intent_loss: 2.710860 slot_loss: 0.716225 acc: 0.7140% slot f1: 0.9585 sent acc: 0.6280 

[0.001]
loss domain: 4.594511032104492
epoch: 12|    step: 100 |    loss: 4.594511032104492

Evaluation - intent_loss: 2.710223 slot_loss: 0.687294 acc: 0.7140% slot f1: 0.9635 sent acc: 0.6360 

[0.001]
loss domain: 5.191197395324707
epoch: 13|    step: 100 |    loss: 5.191197395324707

Evaluation - intent_loss: 2.430288 slot_loss: 0.620927 acc: 0.7440% slot f1: 0.9584 sent acc: 0.6440 

[0.001]
loss domain: 4.155648231506348
epoch: 14|    step: 100 |    loss: 4.155648231506348

Evaluation - intent_loss: 2.414120 slot_loss: 0.624500 acc: 0.7460% slot f1: 0.9654 sent acc: 0.6680 

[0.001]
loss domain: 4.67453670501709
epoch: 15|    step: 100 |    loss: 4.67453670501709

Evaluation - intent_loss: 1.983161 slot_loss: 0.549967 acc: 0.7900% slot f1: 0.9701 sent acc: 0.7120 

[0.001]
loss domain: 6.588991165161133
epoch: 16|    step: 100 |    loss: 6.588991165161133

Evaluation - intent_loss: 1.963810 slot_loss: 0.607565 acc: 0.7940% slot f1: 0.9679 sent acc: 0.7160 

[0.001]
loss domain: 5.579436779022217
epoch: 17|    step: 100 |    loss: 5.579436779022217

Evaluation - intent_loss: 1.950691 slot_loss: 0.549802 acc: 0.7960% slot f1: 0.9658 sent acc: 0.7140 

[0.001]
loss domain: 3.8226728439331055
epoch: 18|    step: 100 |    loss: 3.8226728439331055

Evaluation - intent_loss: 1.943067 slot_loss: 0.583765 acc: 0.7960% slot f1: 0.9690 sent acc: 0.7200 

[0.001]
loss domain: 4.702842712402344
epoch: 19|    step: 100 |    loss: 4.702842712402344

Evaluation - intent_loss: 1.953624 slot_loss: 0.561227 acc: 0.7940% slot f1: 0.9736 sent acc: 0.7220 

[0.001]
loss domain: 4.639482498168945
epoch: 20|    step: 100 |    loss: 4.639482498168945

Evaluation - intent_loss: 1.887554 slot_loss: 0.541555 acc: 0.8020% slot f1: 0.9695 sent acc: 0.7220 

[0.001]
loss domain: 4.040528774261475
epoch: 21|    step: 100 |    loss: 4.040528774261475

Evaluation - intent_loss: 1.453362 slot_loss: 0.527495 acc: 0.8480% slot f1: 0.9707 sent acc: 0.7700 

[0.001]
loss domain: 4.011310577392578
epoch: 22|    step: 100 |    loss: 4.011310577392578

Evaluation - intent_loss: 1.458808 slot_loss: 0.485617 acc: 0.8460% slot f1: 0.9733 sent acc: 0.7760 

[0.001]
loss domain: 3.0813844203948975
epoch: 23|    step: 100 |    loss: 3.0813844203948975

Evaluation - intent_loss: 1.355266 slot_loss: 0.579823 acc: 0.8580% slot f1: 0.9740 sent acc: 0.7880 

[0.001]
loss domain: 3.5381696224212646
epoch: 24|    step: 100 |    loss: 3.5381696224212646

Evaluation - intent_loss: 1.038267 slot_loss: 0.538642 acc: 0.8940% slot f1: 0.9719 sent acc: 0.8140 

[0.001]
loss domain: 2.9659266471862793
epoch: 25|    step: 100 |    loss: 2.9659266471862793

Evaluation - intent_loss: 0.996251 slot_loss: 0.539795 acc: 0.8980% slot f1: 0.9721 sent acc: 0.8260 

[0.001]
loss domain: 3.459688425064087
epoch: 26|    step: 100 |    loss: 3.459688425064087

Evaluation - intent_loss: 1.017988 slot_loss: 0.603606 acc: 0.8940% slot f1: 0.9705 sent acc: 0.8180 

[0.001]
loss domain: 3.4722964763641357
epoch: 27|    step: 100 |    loss: 3.4722964763641357

Evaluation - intent_loss: 1.064861 slot_loss: 0.623146 acc: 0.8900% slot f1: 0.9699 sent acc: 0.8080 

[0.001]
loss domain: 3.850696563720703
epoch: 28|    step: 100 |    loss: 3.850696563720703

Evaluation - intent_loss: 1.009509 slot_loss: 0.502212 acc: 0.8960% slot f1: 0.9771 sent acc: 0.8260 

[0.001]
loss domain: 3.1168532371520996
epoch: 29|    step: 100 |    loss: 3.1168532371520996

Evaluation - intent_loss: 0.962754 slot_loss: 0.546741 acc: 0.9000% slot f1: 0.9710 sent acc: 0.8240 

[0.001]
loss domain: 2.515472888946533
epoch: 30|    step: 100 |    loss: 2.515472888946533

Evaluation - intent_loss: 0.968990 slot_loss: 0.543621 acc: 0.9000% slot f1: 0.9739 sent acc: 0.8280 

[0.001]
loss domain: 2.4486799240112305
epoch: 31|    step: 100 |    loss: 2.4486799240112305

Evaluation - intent_loss: 0.987364 slot_loss: 0.569935 acc: 0.8980% slot f1: 0.9699 sent acc: 0.8120 

[0.001]
loss domain: 2.489379644393921
epoch: 32|    step: 100 |    loss: 2.489379644393921

Evaluation - intent_loss: 1.025531 slot_loss: 0.607014 acc: 0.8940% slot f1: 0.9714 sent acc: 0.8140 

[0.001]
loss domain: 3.477221727371216
epoch: 33|    step: 100 |    loss: 3.477221727371216

Evaluation - intent_loss: 1.001722 slot_loss: 0.539347 acc: 0.8960% slot f1: 0.9737 sent acc: 0.8220 

[0.001]
loss domain: 3.3970417976379395
epoch: 34|    step: 100 |    loss: 3.3970417976379395

Evaluation - intent_loss: 1.002764 slot_loss: 0.542298 acc: 0.8960% slot f1: 0.9745 sent acc: 0.8280 

[0.001]
loss domain: 2.7586331367492676
epoch: 35|    step: 100 |    loss: 2.7586331367492676

Evaluation - intent_loss: 0.979113 slot_loss: 0.576992 acc: 0.9000% slot f1: 0.9743 sent acc: 0.8280 

[0.001]
loss domain: 3.581088066101074
epoch: 36|    step: 100 |    loss: 3.581088066101074

Evaluation - intent_loss: 0.998014 slot_loss: 0.553450 acc: 0.8980% slot f1: 0.9710 sent acc: 0.8220 

[0.001]
loss domain: 2.4310977458953857
epoch: 37|    step: 100 |    loss: 2.4310977458953857

Evaluation - intent_loss: 1.002625 slot_loss: 0.621252 acc: 0.8960% slot f1: 0.9729 sent acc: 0.8300 

[0.001]
loss domain: 3.075899839401245
epoch: 38|    step: 100 |    loss: 3.075899839401245

Evaluation - intent_loss: 0.971555 slot_loss: 0.524170 acc: 0.9000% slot f1: 0.9745 sent acc: 0.8320 

[0.001]
loss domain: 2.809020757675171
epoch: 39|    step: 100 |    loss: 2.809020757675171

Evaluation - intent_loss: 1.005914 slot_loss: 0.586252 acc: 0.8960% slot f1: 0.9748 sent acc: 0.8260 

[0.00025]
loss domain: 1.627995252609253
epoch: 40|    step: 100 |    loss: 1.627995252609253

Evaluation - intent_loss: 1.024884 slot_loss: 0.506149 acc: 0.8940% slot f1: 0.9772 sent acc: 0.8280 

[0.0005]
loss domain: 2.5545828342437744
epoch: 41|    step: 100 |    loss: 2.5545828342437744

Evaluation - intent_loss: 1.041390 slot_loss: 0.497364 acc: 0.8940% slot f1: 0.9769 sent acc: 0.8300 

[0.0005]
loss domain: 3.5027077198028564
epoch: 42|    step: 100 |    loss: 3.5027077198028564

Evaluation - intent_loss: 1.018351 slot_loss: 0.506632 acc: 0.8940% slot f1: 0.9780 sent acc: 0.8320 

[0.0005]
loss domain: 2.7908740043640137
epoch: 43|    step: 100 |    loss: 2.7908740043640137

Evaluation - intent_loss: 0.987398 slot_loss: 0.479472 acc: 0.8980% slot f1: 0.9772 sent acc: 0.8360 

[0.0005]
loss domain: 1.6369651556015015
epoch: 44|    step: 100 |    loss: 1.6369651556015015

Evaluation - intent_loss: 0.983026 slot_loss: 0.503250 acc: 0.8980% slot f1: 0.9778 sent acc: 0.8340 

[0.0005]
loss domain: 1.66106116771698
epoch: 45|    step: 100 |    loss: 1.66106116771698

Evaluation - intent_loss: 0.970579 slot_loss: 0.473298 acc: 0.9000% slot f1: 0.9795 sent acc: 0.8460 

[0.0005]
loss domain: 3.026012897491455
epoch: 46|    step: 100 |    loss: 3.026012897491455

Evaluation - intent_loss: 0.955669 slot_loss: 0.493846 acc: 0.9020% slot f1: 0.9763 sent acc: 0.8400 

[0.0005]
loss domain: 3.0126333236694336
epoch: 47|    step: 100 |    loss: 3.0126333236694336

Evaluation - intent_loss: 0.962813 slot_loss: 0.495152 acc: 0.9000% slot f1: 0.9777 sent acc: 0.8400 

[0.0005]
loss domain: 3.4802088737487793
epoch: 48|    step: 100 |    loss: 3.4802088737487793

Evaluation - intent_loss: 0.900984 slot_loss: 0.483803 acc: 0.9080% slot f1: 0.9783 sent acc: 0.8500 

[0.0005]
loss domain: 2.1273019313812256
epoch: 49|    step: 100 |    loss: 2.1273019313812256

Evaluation - intent_loss: 0.810164 slot_loss: 0.471051 acc: 0.9160% slot f1: 0.9760 sent acc: 0.8520 

[0.0005]
loss domain: 2.6843907833099365
epoch: 50|    step: 100 |    loss: 2.6843907833099365

Evaluation - intent_loss: 0.845039 slot_loss: 0.489694 acc: 0.9140% slot f1: 0.9781 sent acc: 0.8520 

[0.0005]
loss domain: 2.7928178310394287
epoch: 51|    step: 100 |    loss: 2.7928178310394287

Evaluation - intent_loss: 0.775074 slot_loss: 0.483759 acc: 0.9200% slot f1: 0.9772 sent acc: 0.8540 

[0.0005]
loss domain: 3.699660539627075
epoch: 52|    step: 100 |    loss: 3.699660539627075

Evaluation - intent_loss: 0.770686 slot_loss: 0.514843 acc: 0.9200% slot f1: 0.9760 sent acc: 0.8500 

[0.0005]
loss domain: 2.808037281036377
epoch: 53|    step: 100 |    loss: 2.808037281036377

Evaluation - intent_loss: 0.802095 slot_loss: 0.500690 acc: 0.9160% slot f1: 0.9763 sent acc: 0.8500 

[0.0005]
loss domain: 2.7781026363372803
epoch: 54|    step: 100 |    loss: 2.7781026363372803

Evaluation - intent_loss: 0.768603 slot_loss: 0.478958 acc: 0.9220% slot f1: 0.9777 sent acc: 0.8540 

[0.0005]
loss domain: 2.319464683532715
epoch: 55|    step: 100 |    loss: 2.319464683532715

Evaluation - intent_loss: 0.796142 slot_loss: 0.478823 acc: 0.9180% slot f1: 0.9780 sent acc: 0.8560 

[0.0005]
loss domain: 2.1010239124298096
epoch: 56|    step: 100 |    loss: 2.1010239124298096

Evaluation - intent_loss: 0.739483 slot_loss: 0.460029 acc: 0.9240% slot f1: 0.9780 sent acc: 0.8640 

[0.0005]
loss domain: 2.792252540588379
epoch: 57|    step: 100 |    loss: 2.792252540588379

Evaluation - intent_loss: 0.790626 slot_loss: 0.492547 acc: 0.9160% slot f1: 0.9774 sent acc: 0.8520 

[0.0005]
loss domain: 3.0107340812683105
epoch: 58|    step: 100 |    loss: 3.0107340812683105

Evaluation - intent_loss: 0.790522 slot_loss: 0.523952 acc: 0.9160% slot f1: 0.9777 sent acc: 0.8540 

[0.0005]
loss domain: 2.318331003189087
epoch: 59|    step: 100 |    loss: 2.318331003189087

Evaluation - intent_loss: 0.790260 slot_loss: 0.487503 acc: 0.9180% slot f1: 0.9751 sent acc: 0.8540 

[0.0005]
loss domain: 3.0482192039489746
epoch: 60|    step: 100 |    loss: 3.0482192039489746

Evaluation - intent_loss: 0.764975 slot_loss: 0.543833 acc: 0.9200% slot f1: 0.9763 sent acc: 0.8560 

[0.0005]
loss domain: 1.872693419456482
epoch: 61|    step: 100 |    loss: 1.872693419456482

Evaluation - intent_loss: 0.779776 slot_loss: 0.506316 acc: 0.9180% slot f1: 0.9780 sent acc: 0.8580 

[0.0005]
loss domain: 2.092424154281616
epoch: 62|    step: 100 |    loss: 2.092424154281616

Evaluation - intent_loss: 0.762109 slot_loss: 0.518501 acc: 0.9200% slot f1: 0.9766 sent acc: 0.8560 

[0.0005]
loss domain: 2.5845816135406494
epoch: 63|    step: 100 |    loss: 2.5845816135406494

Evaluation - intent_loss: 0.734417 slot_loss: 0.506161 acc: 0.9240% slot f1: 0.9801 sent acc: 0.8720 

[0.0005]
loss domain: 2.0718283653259277
epoch: 64|    step: 100 |    loss: 2.0718283653259277

Evaluation - intent_loss: 0.762474 slot_loss: 0.495821 acc: 0.9200% slot f1: 0.9792 sent acc: 0.8640 

[0.0005]
loss domain: 1.8650561571121216
epoch: 65|    step: 100 |    loss: 1.8650561571121216

Evaluation - intent_loss: 0.754923 slot_loss: 0.494492 acc: 0.9200% slot f1: 0.9772 sent acc: 0.8560 

[0.0005]
loss domain: 2.56878662109375
epoch: 66|    step: 100 |    loss: 2.56878662109375

Evaluation - intent_loss: 0.761960 slot_loss: 0.486881 acc: 0.9200% slot f1: 0.9774 sent acc: 0.8600 

[0.0005]
loss domain: 2.0852644443511963
epoch: 67|    step: 100 |    loss: 2.0852644443511963

Evaluation - intent_loss: 0.776589 slot_loss: 0.520056 acc: 0.9180% slot f1: 0.9754 sent acc: 0.8460 

[0.0005]
loss domain: 2.328737258911133
epoch: 68|    step: 100 |    loss: 2.328737258911133

Evaluation - intent_loss: 0.800953 slot_loss: 0.523973 acc: 0.9160% slot f1: 0.9777 sent acc: 0.8520 

[0.0005]
loss domain: 1.8686672449111938
epoch: 69|    step: 100 |    loss: 1.8686672449111938

Evaluation - intent_loss: 0.809327 slot_loss: 0.515373 acc: 0.9140% slot f1: 0.9763 sent acc: 0.8460 

[0.000125]
loss domain: 2.317106246948242
epoch: 70|    step: 100 |    loss: 2.317106246948242

Evaluation - intent_loss: 0.791389 slot_loss: 0.490727 acc: 0.9160% slot f1: 0.9768 sent acc: 0.8500 

[0.00025]
loss domain: 2.137542247772217
epoch: 71|    step: 100 |    loss: 2.137542247772217

Evaluation - intent_loss: 0.774256 slot_loss: 0.495683 acc: 0.9180% slot f1: 0.9783 sent acc: 0.8540 

[0.00025]
loss domain: 2.7864153385162354
epoch: 72|    step: 100 |    loss: 2.7864153385162354

Evaluation - intent_loss: 0.746791 slot_loss: 0.492417 acc: 0.9220% slot f1: 0.9780 sent acc: 0.8580 

[0.00025]
loss domain: 2.7977254390716553
epoch: 73|    step: 100 |    loss: 2.7977254390716553

Evaluation - intent_loss: 0.744167 slot_loss: 0.501229 acc: 0.9220% slot f1: 0.9768 sent acc: 0.8540 

[0.00025]
loss domain: 3.4669642448425293
epoch: 74|    step: 100 |    loss: 3.4669642448425293

Evaluation - intent_loss: 0.743444 slot_loss: 0.505969 acc: 0.9220% slot f1: 0.9771 sent acc: 0.8560 

[0.00025]
loss domain: 1.857149362564087
epoch: 75|    step: 100 |    loss: 1.857149362564087

Evaluation - intent_loss: 0.744364 slot_loss: 0.512283 acc: 0.9220% slot f1: 0.9789 sent acc: 0.8600 

[0.00025]
loss domain: 2.7933475971221924
epoch: 76|    step: 100 |    loss: 2.7933475971221924

Evaluation - intent_loss: 0.752657 slot_loss: 0.512618 acc: 0.9220% slot f1: 0.9780 sent acc: 0.8580 

[0.00025]
loss domain: 2.4042766094207764
epoch: 77|    step: 100 |    loss: 2.4042766094207764

Evaluation - intent_loss: 0.742926 slot_loss: 0.465039 acc: 0.9220% slot f1: 0.9786 sent acc: 0.8640 

[0.00025]
loss domain: 2.088568925857544
epoch: 78|    step: 100 |    loss: 2.088568925857544

Evaluation - intent_loss: 0.779681 slot_loss: 0.462994 acc: 0.9180% slot f1: 0.9783 sent acc: 0.8580 

[0.00025]
loss domain: 2.088177442550659
epoch: 79|    step: 100 |    loss: 2.088177442550659

Evaluation - intent_loss: 0.748996 slot_loss: 0.506049 acc: 0.9220% slot f1: 0.9783 sent acc: 0.8620 

[0.00025]
loss domain: 1.854602575302124
epoch: 80|    step: 100 |    loss: 1.854602575302124

Evaluation - intent_loss: 0.748361 slot_loss: 0.473083 acc: 0.9200% slot f1: 0.9783 sent acc: 0.8580 

[0.00025]
loss domain: 2.097040891647339
epoch: 81|    step: 100 |    loss: 2.097040891647339

Evaluation - intent_loss: 0.761490 slot_loss: 0.492313 acc: 0.9200% slot f1: 0.9760 sent acc: 0.8540 

[0.00025]
loss domain: 2.780677080154419
epoch: 82|    step: 100 |    loss: 2.780677080154419

Evaluation - intent_loss: 0.760698 slot_loss: 0.497436 acc: 0.9200% slot f1: 0.9792 sent acc: 0.8640 

[0.00025]
loss domain: 2.319023847579956
epoch: 83|    step: 100 |    loss: 2.319023847579956

Evaluation - intent_loss: 0.755170 slot_loss: 0.510889 acc: 0.9200% slot f1: 0.9792 sent acc: 0.8620 

[0.00025]
loss domain: 2.548386812210083
epoch: 84|    step: 100 |    loss: 2.548386812210083

Evaluation - intent_loss: 0.834607 slot_loss: 0.478585 acc: 0.9140% slot f1: 0.9795 sent acc: 0.8520 

[0.00025]
loss domain: 2.318474769592285
epoch: 85|    step: 100 |    loss: 2.318474769592285

Evaluation - intent_loss: 0.762726 slot_loss: 0.484663 acc: 0.9200% slot f1: 0.9801 sent acc: 0.8580 

[0.00025]
loss domain: 2.3142688274383545
epoch: 86|    step: 100 |    loss: 2.3142688274383545

Evaluation - intent_loss: 0.775924 slot_loss: 0.534767 acc: 0.9180% slot f1: 0.9789 sent acc: 0.8560 

[0.00025]
loss domain: 2.330740451812744
epoch: 87|    step: 100 |    loss: 2.330740451812744

Evaluation - intent_loss: 0.763652 slot_loss: 0.529843 acc: 0.9200% slot f1: 0.9792 sent acc: 0.8580 

[0.00025]
loss domain: 2.3122141361236572
epoch: 88|    step: 100 |    loss: 2.3122141361236572

Evaluation - intent_loss: 0.731313 slot_loss: 0.549299 acc: 0.9240% slot f1: 0.9778 sent acc: 0.8580 

[0.00025]
loss domain: 1.5009245872497559
epoch: 89|    step: 100 |    loss: 1.5009245872497559

Evaluation - intent_loss: 0.765859 slot_loss: 0.539379 acc: 0.9200% slot f1: 0.9775 sent acc: 0.8560 

[0.00025]
loss domain: 2.7903060913085938
epoch: 90|    step: 100 |    loss: 2.7903060913085938

Evaluation - intent_loss: 0.765970 slot_loss: 0.507180 acc: 0.9200% slot f1: 0.9775 sent acc: 0.8540 

[0.00025]
loss domain: 2.331186056137085
epoch: 91|    step: 100 |    loss: 2.331186056137085

Evaluation - intent_loss: 0.761749 slot_loss: 0.526096 acc: 0.9200% slot f1: 0.9775 sent acc: 0.8540 

[0.00025]
loss domain: 1.8596596717834473
epoch: 92|    step: 100 |    loss: 1.8596596717834473

Evaluation - intent_loss: 0.758004 slot_loss: 0.543541 acc: 0.9200% slot f1: 0.9769 sent acc: 0.8560 

[0.00025]
loss domain: 2.5508193969726562
epoch: 93|    step: 100 |    loss: 2.5508193969726562

Evaluation - intent_loss: 0.761289 slot_loss: 0.496656 acc: 0.9200% slot f1: 0.9798 sent acc: 0.8640 

[0.00025]
loss domain: 2.7785844802856445
epoch: 94|    step: 100 |    loss: 2.7785844802856445

Evaluation - intent_loss: 0.757954 slot_loss: 0.518099 acc: 0.9200% slot f1: 0.9792 sent acc: 0.8640 

[0.00025]
loss domain: 2.324502468109131
epoch: 95|    step: 100 |    loss: 2.324502468109131

Evaluation - intent_loss: 0.746443 slot_loss: 0.491312 acc: 0.9220% slot f1: 0.9798 sent acc: 0.8660 

[0.00025]
loss domain: 2.5599262714385986
epoch: 96|    step: 100 |    loss: 2.5599262714385986

Evaluation - intent_loss: 0.752759 slot_loss: 0.507237 acc: 0.9220% slot f1: 0.9806 sent acc: 0.8680 

[0.00025]
loss domain: 3.0105838775634766
epoch: 97|    step: 100 |    loss: 3.0105838775634766

Evaluation - intent_loss: 0.728250 slot_loss: 0.487764 acc: 0.9240% slot f1: 0.9806 sent acc: 0.8680 

[0.00025]
loss domain: 3.2706069946289062
epoch: 98|    step: 100 |    loss: 3.2706069946289062

Evaluation - intent_loss: 0.746437 slot_loss: 0.478945 acc: 0.9220% slot f1: 0.9786 sent acc: 0.8620 

[0.00025]
loss domain: 2.088623046875
epoch: 99|    step: 100 |    loss: 2.088623046875

Evaluation - intent_loss: 0.751686 slot_loss: 0.495111 acc: 0.9200% slot f1: 0.9792 sent acc: 0.8640 

best_slot_f1: [0.868, 0.9806451612903225, 0.922, 96]
best_intent_acc: [0.864, 0.9780123131046614, 0.924, 56]
best_sent_acc: [0.872, 0.9800820152314001, 0.924, 63]
超过最大长度的样本数量为： 0
14
              precision    recall  f1-score   support

           0       1.00      1.00      1.00        33
           1       0.56      1.00      0.72         9
           3       0.91      1.00      0.95        48
           4       0.00      0.00      0.00         1
           6       0.97      1.00      0.99        38
           8       0.00      0.00      0.00        18
           9       0.93      0.62      0.74        21
          11       0.42      0.83      0.56         6
          12       0.00      0.00      0.00         2
          13       0.00      0.00      0.00        10
          14       0.94      1.00      0.97       632
          15       0.00      0.00      0.00        12
          16       0.00      0.00      0.00         1
          17       0.00      0.00      0.00         8
          18       0.00      0.00      0.00         1
          19       0.00      0.00      0.00         1
          20       0.00      0.00      0.00         7
          21       0.63      1.00      0.77        36
          23       0.00      0.00      0.00         6
          24       0.00      0.00      0.00         3

    accuracy                           0.91       893
   macro avg       0.32      0.37      0.34       893
weighted avg       0.85      0.91      0.88       893


Evaluation -  acc: 0.9115% slot f1: 0.9611 sent_acc: 0.8376  

