1. load config and dict
超过最大长度的样本数量为： 15
16
超过最大长度的样本数量为： 3
14
[0.001]
loss domain: 20.661909103393555
epoch: 0|    step: 100 |    loss: 20.661909103393555

Evaluation - intent_loss: 1.432155 slot_loss: 12.106884 acc: 0.7140% slot f1: 0.5386 sent acc: 0.1400 

[0.001]
loss domain: 8.402923583984375
epoch: 1|    step: 100 |    loss: 8.402923583984375

Evaluation - intent_loss: 1.225221 slot_loss: 5.842839 acc: 0.7320% slot f1: 0.7443 sent acc: 0.3440 

[0.001]
loss domain: 6.663509368896484
epoch: 2|    step: 100 |    loss: 6.663509368896484

Evaluation - intent_loss: 1.092191 slot_loss: 3.766010 acc: 0.7980% slot f1: 0.8242 sent acc: 0.4880 

[0.001]
loss domain: 5.015423774719238
epoch: 3|    step: 100 |    loss: 5.015423774719238

Evaluation - intent_loss: 0.936443 slot_loss: 2.639999 acc: 0.8120% slot f1: 0.8555 sent acc: 0.5420 

[0.001]
loss domain: 4.710943222045898
epoch: 4|    step: 100 |    loss: 4.710943222045898

Evaluation - intent_loss: 0.958276 slot_loss: 2.110935 acc: 0.8380% slot f1: 0.8703 sent acc: 0.5960 

[0.001]
loss domain: 3.8527917861938477
epoch: 5|    step: 100 |    loss: 3.8527917861938477

Evaluation - intent_loss: 0.818145 slot_loss: 1.629326 acc: 0.8580% slot f1: 0.8882 sent acc: 0.6300 

[0.001]
loss domain: 3.5461578369140625
epoch: 6|    step: 100 |    loss: 3.5461578369140625

Evaluation - intent_loss: 0.768593 slot_loss: 1.316784 acc: 0.8780% slot f1: 0.9098 sent acc: 0.6860 

[0.001]
loss domain: 2.367921829223633
epoch: 7|    step: 100 |    loss: 2.367921829223633

Evaluation - intent_loss: 0.749601 slot_loss: 1.092649 acc: 0.8820% slot f1: 0.9290 sent acc: 0.7240 

[0.001]
loss domain: 3.6013708114624023
epoch: 8|    step: 100 |    loss: 3.6013708114624023

Evaluation - intent_loss: 0.691486 slot_loss: 0.884069 acc: 0.8940% slot f1: 0.9460 sent acc: 0.7580 

[0.001]
loss domain: 3.0468122959136963
epoch: 9|    step: 100 |    loss: 3.0468122959136963

Evaluation - intent_loss: 0.699370 slot_loss: 0.776938 acc: 0.9060% slot f1: 0.9592 sent acc: 0.8000 

[0.001]
loss domain: 2.345228433609009
epoch: 10|    step: 100 |    loss: 2.345228433609009

Evaluation - intent_loss: 0.622510 slot_loss: 0.713157 acc: 0.9000% slot f1: 0.9639 sent acc: 0.7920 

[0.001]
loss domain: 2.756793975830078
epoch: 11|    step: 100 |    loss: 2.756793975830078

Evaluation - intent_loss: 0.603487 slot_loss: 0.676474 acc: 0.9200% slot f1: 0.9599 sent acc: 0.8160 

[0.001]
loss domain: 1.8894178867340088
epoch: 12|    step: 100 |    loss: 1.8894178867340088

Evaluation - intent_loss: 0.553727 slot_loss: 0.636918 acc: 0.9100% slot f1: 0.9640 sent acc: 0.8160 

[0.001]
loss domain: 2.0965943336486816
epoch: 13|    step: 100 |    loss: 2.0965943336486816

Evaluation - intent_loss: 0.510621 slot_loss: 0.585635 acc: 0.9320% slot f1: 0.9648 sent acc: 0.8240 

[0.001]
loss domain: 1.6449439525604248
epoch: 14|    step: 100 |    loss: 1.6449439525604248

Evaluation - intent_loss: 0.579431 slot_loss: 0.577739 acc: 0.9280% slot f1: 0.9677 sent acc: 0.8300 

[0.001]
loss domain: 1.9973697662353516
epoch: 15|    step: 100 |    loss: 1.9973697662353516

Evaluation - intent_loss: 0.565217 slot_loss: 0.576411 acc: 0.9420% slot f1: 0.9680 sent acc: 0.8440 

[0.001]
loss domain: 2.268263339996338
epoch: 16|    step: 100 |    loss: 2.268263339996338

Evaluation - intent_loss: 0.441861 slot_loss: 0.547344 acc: 0.9380% slot f1: 0.9687 sent acc: 0.8460 

[0.001]
loss domain: 2.9010426998138428
epoch: 17|    step: 100 |    loss: 2.9010426998138428

Evaluation - intent_loss: 0.614072 slot_loss: 0.575236 acc: 0.9440% slot f1: 0.9662 sent acc: 0.8480 

[0.001]
loss domain: 1.6482516527175903
epoch: 18|    step: 100 |    loss: 1.6482516527175903

Evaluation - intent_loss: 0.441850 slot_loss: 0.552307 acc: 0.9520% slot f1: 0.9731 sent acc: 0.8700 

[0.001]
loss domain: 2.1410903930664062
epoch: 19|    step: 100 |    loss: 2.1410903930664062

Evaluation - intent_loss: 0.443699 slot_loss: 0.541433 acc: 0.9460% slot f1: 0.9707 sent acc: 0.8660 

[0.001]
loss domain: 2.0489726066589355
epoch: 20|    step: 100 |    loss: 2.0489726066589355

Evaluation - intent_loss: 0.532981 slot_loss: 0.495073 acc: 0.9660% slot f1: 0.9709 sent acc: 0.8840 

[0.001]
loss domain: 1.9372278451919556
epoch: 21|    step: 100 |    loss: 1.9372278451919556

Evaluation - intent_loss: 0.545600 slot_loss: 0.486394 acc: 0.9600% slot f1: 0.9724 sent acc: 0.8760 

[0.001]
loss domain: 1.9690299034118652
epoch: 22|    step: 100 |    loss: 1.9690299034118652

Evaluation - intent_loss: 0.553847 slot_loss: 0.495342 acc: 0.9580% slot f1: 0.9736 sent acc: 0.8840 

[0.001]
loss domain: 1.3690630197525024
epoch: 23|    step: 100 |    loss: 1.3690630197525024

Evaluation - intent_loss: 0.510045 slot_loss: 0.507097 acc: 0.9560% slot f1: 0.9724 sent acc: 0.8780 

[0.001]
loss domain: 2.089735984802246
epoch: 24|    step: 100 |    loss: 2.089735984802246

Evaluation - intent_loss: 0.445225 slot_loss: 0.521126 acc: 0.9520% slot f1: 0.9715 sent acc: 0.8720 

[0.001]
loss domain: 1.7404049634933472
epoch: 25|    step: 100 |    loss: 1.7404049634933472

Evaluation - intent_loss: 0.614413 slot_loss: 0.489438 acc: 0.9600% slot f1: 0.9715 sent acc: 0.8740 

[0.001]
loss domain: 1.5826622247695923
epoch: 26|    step: 100 |    loss: 1.5826622247695923

Evaluation - intent_loss: 0.480501 slot_loss: 0.496316 acc: 0.9620% slot f1: 0.9736 sent acc: 0.8860 

[0.001]
loss domain: 1.4703677892684937
epoch: 27|    step: 100 |    loss: 1.4703677892684937

Evaluation - intent_loss: 0.562557 slot_loss: 0.523607 acc: 0.9600% slot f1: 0.9736 sent acc: 0.8760 

[0.001]
loss domain: 1.9923065900802612
epoch: 28|    step: 100 |    loss: 1.9923065900802612

Evaluation - intent_loss: 0.525928 slot_loss: 0.511417 acc: 0.9600% slot f1: 0.9731 sent acc: 0.8840 

[0.001]
loss domain: 2.0077176094055176
epoch: 29|    step: 100 |    loss: 2.0077176094055176

Evaluation - intent_loss: 0.546685 slot_loss: 0.555736 acc: 0.9620% slot f1: 0.9763 sent acc: 0.8900 

[0.001]
loss domain: 1.0579957962036133
epoch: 30|    step: 100 |    loss: 1.0579957962036133

Evaluation - intent_loss: 0.529901 slot_loss: 0.495848 acc: 0.9600% slot f1: 0.9783 sent acc: 0.8900 

[0.001]
loss domain: 1.4047681093215942
epoch: 31|    step: 100 |    loss: 1.4047681093215942

Evaluation - intent_loss: 0.564630 slot_loss: 0.511230 acc: 0.9640% slot f1: 0.9748 sent acc: 0.8860 

[0.001]
loss domain: 1.2547959089279175
epoch: 32|    step: 100 |    loss: 1.2547959089279175

Evaluation - intent_loss: 0.505495 slot_loss: 0.608520 acc: 0.9580% slot f1: 0.9722 sent acc: 0.8740 

[0.001]
loss domain: 1.7388131618499756
epoch: 33|    step: 100 |    loss: 1.7388131618499756

Evaluation - intent_loss: 0.564548 slot_loss: 0.492660 acc: 0.9620% slot f1: 0.9765 sent acc: 0.8900 

[0.001]
loss domain: 1.1407842636108398
epoch: 34|    step: 100 |    loss: 1.1407842636108398

Evaluation - intent_loss: 0.605108 slot_loss: 0.553305 acc: 0.9600% slot f1: 0.9718 sent acc: 0.8800 

[0.001]
loss domain: 1.5320580005645752
epoch: 35|    step: 100 |    loss: 1.5320580005645752

Evaluation - intent_loss: 0.462713 slot_loss: 0.576426 acc: 0.9660% slot f1: 0.9725 sent acc: 0.8820 

[0.001]
loss domain: 1.563995361328125
epoch: 36|    step: 100 |    loss: 1.563995361328125

Evaluation - intent_loss: 0.373035 slot_loss: 0.518148 acc: 0.9640% slot f1: 0.9765 sent acc: 0.8880 

[0.001]
loss domain: 1.3026257753372192
epoch: 37|    step: 100 |    loss: 1.3026257753372192

Evaluation - intent_loss: 0.435794 slot_loss: 0.562699 acc: 0.9620% slot f1: 0.9737 sent acc: 0.8800 

[0.001]
loss domain: 1.5350308418273926
epoch: 38|    step: 100 |    loss: 1.5350308418273926

Evaluation - intent_loss: 0.436029 slot_loss: 0.615221 acc: 0.9460% slot f1: 0.9765 sent acc: 0.8780 

[0.001]
loss domain: 1.2988641262054443
epoch: 39|    step: 100 |    loss: 1.2988641262054443

Evaluation - intent_loss: 0.445235 slot_loss: 0.585189 acc: 0.9620% slot f1: 0.9728 sent acc: 0.8820 

[0.00025]
loss domain: 0.7822903990745544
epoch: 40|    step: 100 |    loss: 0.7822903990745544

Evaluation - intent_loss: 0.443038 slot_loss: 0.506964 acc: 0.9560% slot f1: 0.9768 sent acc: 0.8880 

[0.0005]
loss domain: 1.164841651916504
epoch: 41|    step: 100 |    loss: 1.164841651916504

Evaluation - intent_loss: 0.498645 slot_loss: 0.515840 acc: 0.9560% slot f1: 0.9786 sent acc: 0.8920 

[0.0005]
loss domain: 1.333078384399414
epoch: 42|    step: 100 |    loss: 1.333078384399414

Evaluation - intent_loss: 0.559778 slot_loss: 0.521214 acc: 0.9540% slot f1: 0.9783 sent acc: 0.8900 

[0.0005]
loss domain: 1.0152907371520996
epoch: 43|    step: 100 |    loss: 1.0152907371520996

Evaluation - intent_loss: 0.535147 slot_loss: 0.526667 acc: 0.9440% slot f1: 0.9763 sent acc: 0.8760 

[0.0005]
loss domain: 0.7570777535438538
epoch: 44|    step: 100 |    loss: 0.7570777535438538

Evaluation - intent_loss: 0.605275 slot_loss: 0.523140 acc: 0.9460% slot f1: 0.9768 sent acc: 0.8800 

[0.0005]
loss domain: 0.7535343766212463
epoch: 45|    step: 100 |    loss: 0.7535343766212463

Evaluation - intent_loss: 0.519995 slot_loss: 0.532710 acc: 0.9520% slot f1: 0.9739 sent acc: 0.8780 

[0.0005]
loss domain: 1.0476446151733398
epoch: 46|    step: 100 |    loss: 1.0476446151733398

Evaluation - intent_loss: 0.510589 slot_loss: 0.540253 acc: 0.9480% slot f1: 0.9745 sent acc: 0.8740 

[0.0005]
loss domain: 1.1520318984985352
epoch: 47|    step: 100 |    loss: 1.1520318984985352

Evaluation - intent_loss: 0.478989 slot_loss: 0.507525 acc: 0.9600% slot f1: 0.9765 sent acc: 0.8900 

[0.0005]
loss domain: 1.1866836547851562
epoch: 48|    step: 100 |    loss: 1.1866836547851562

Evaluation - intent_loss: 0.659628 slot_loss: 0.505348 acc: 0.9380% slot f1: 0.9745 sent acc: 0.8660 

[0.0005]
loss domain: 0.8713248372077942
epoch: 49|    step: 100 |    loss: 0.8713248372077942

Evaluation - intent_loss: 0.482545 slot_loss: 0.523500 acc: 0.9480% slot f1: 0.9754 sent acc: 0.8800 

[0.0005]
loss domain: 0.9585888981819153
epoch: 50|    step: 100 |    loss: 0.9585888981819153

Evaluation - intent_loss: 0.567352 slot_loss: 0.530455 acc: 0.9400% slot f1: 0.9742 sent acc: 0.8660 

[0.0005]
loss domain: 1.2430998086929321
epoch: 51|    step: 100 |    loss: 1.2430998086929321

Evaluation - intent_loss: 0.592747 slot_loss: 0.521840 acc: 0.9300% slot f1: 0.9742 sent acc: 0.8580 

[0.0005]
loss domain: 1.1486756801605225
epoch: 52|    step: 100 |    loss: 1.1486756801605225

Evaluation - intent_loss: 0.680418 slot_loss: 0.519077 acc: 0.8880% slot f1: 0.9736 sent acc: 0.8160 

[0.0005]
loss domain: 1.2028446197509766
epoch: 53|    step: 100 |    loss: 1.2028446197509766

Evaluation - intent_loss: 0.576805 slot_loss: 0.534464 acc: 0.9160% slot f1: 0.9733 sent acc: 0.8460 

[0.0005]
loss domain: 0.8553534150123596
epoch: 54|    step: 100 |    loss: 0.8553534150123596

Evaluation - intent_loss: 0.636695 slot_loss: 0.526166 acc: 0.9040% slot f1: 0.9765 sent acc: 0.8420 

[0.0005]
loss domain: 1.027018427848816
epoch: 55|    step: 100 |    loss: 1.027018427848816

Evaluation - intent_loss: 0.509422 slot_loss: 0.528231 acc: 0.9360% slot f1: 0.9765 sent acc: 0.8660 

[0.0005]
loss domain: 0.9644072651863098
epoch: 56|    step: 100 |    loss: 0.9644072651863098

Evaluation - intent_loss: 0.629414 slot_loss: 0.561942 acc: 0.9000% slot f1: 0.9745 sent acc: 0.8360 

[0.0005]
loss domain: 0.9441967606544495
epoch: 57|    step: 100 |    loss: 0.9441967606544495

Evaluation - intent_loss: 0.698860 slot_loss: 0.503565 acc: 0.8740% slot f1: 0.9736 sent acc: 0.8020 

[0.0005]
loss domain: 1.152809739112854
epoch: 58|    step: 100 |    loss: 1.152809739112854

Evaluation - intent_loss: 0.655996 slot_loss: 0.540073 acc: 0.8840% slot f1: 0.9745 sent acc: 0.8140 

[0.0005]
loss domain: 0.7845765948295593
epoch: 59|    step: 100 |    loss: 0.7845765948295593

Evaluation - intent_loss: 0.645704 slot_loss: 0.549937 acc: 0.8760% slot f1: 0.9745 sent acc: 0.8020 

[0.0005]
loss domain: 0.9474802613258362
epoch: 60|    step: 100 |    loss: 0.9474802613258362

Evaluation - intent_loss: 0.652908 slot_loss: 0.552080 acc: 0.8700% slot f1: 0.9745 sent acc: 0.8000 

[0.0005]
loss domain: 0.5372529625892639
epoch: 61|    step: 100 |    loss: 0.5372529625892639

Evaluation - intent_loss: 0.612655 slot_loss: 0.568145 acc: 0.8900% slot f1: 0.9733 sent acc: 0.8160 

[0.0005]
loss domain: 0.8439667224884033
epoch: 62|    step: 100 |    loss: 0.8439667224884033

Evaluation - intent_loss: 0.592963 slot_loss: 0.549361 acc: 0.8800% slot f1: 0.9748 sent acc: 0.8080 

[0.0005]
loss domain: 0.8356590867042542
epoch: 63|    step: 100 |    loss: 0.8356590867042542

Evaluation - intent_loss: 0.639425 slot_loss: 0.573355 acc: 0.8600% slot f1: 0.9748 sent acc: 0.7880 

[0.0005]
loss domain: 0.7479699850082397
epoch: 64|    step: 100 |    loss: 0.7479699850082397

Evaluation - intent_loss: 0.773231 slot_loss: 0.538097 acc: 0.8220% slot f1: 0.9748 sent acc: 0.7480 

[0.0005]
loss domain: 0.7963997721672058
epoch: 65|    step: 100 |    loss: 0.7963997721672058

Evaluation - intent_loss: 0.618431 slot_loss: 0.550725 acc: 0.8600% slot f1: 0.9760 sent acc: 0.7920 

[0.0005]
loss domain: 0.9076374769210815
epoch: 66|    step: 100 |    loss: 0.9076374769210815

Evaluation - intent_loss: 0.639612 slot_loss: 0.552924 acc: 0.8380% slot f1: 0.9745 sent acc: 0.7620 

[0.0005]
loss domain: 0.725899338722229
epoch: 67|    step: 100 |    loss: 0.725899338722229

Evaluation - intent_loss: 0.781935 slot_loss: 0.576529 acc: 0.8040% slot f1: 0.9771 sent acc: 0.7380 

[0.0005]
loss domain: 0.6204832196235657
epoch: 68|    step: 100 |    loss: 0.6204832196235657

Evaluation - intent_loss: 0.710916 slot_loss: 0.591069 acc: 0.8140% slot f1: 0.9742 sent acc: 0.7440 

[0.0005]
loss domain: 0.6469538807868958
epoch: 69|    step: 100 |    loss: 0.6469538807868958

Evaluation - intent_loss: 0.845961 slot_loss: 0.573039 acc: 0.7960% slot f1: 0.9774 sent acc: 0.7380 

[0.000125]
loss domain: 0.5116429328918457
epoch: 70|    step: 100 |    loss: 0.5116429328918457

Evaluation - intent_loss: 0.611243 slot_loss: 0.577508 acc: 0.8620% slot f1: 0.9754 sent acc: 0.7900 

[0.00025]
loss domain: 0.37893450260162354
epoch: 71|    step: 100 |    loss: 0.37893450260162354

Evaluation - intent_loss: 0.694856 slot_loss: 0.580473 acc: 0.8260% slot f1: 0.9762 sent acc: 0.7580 

[0.00025]
loss domain: 0.7142367362976074
epoch: 72|    step: 100 |    loss: 0.7142367362976074

Evaluation - intent_loss: 0.736003 slot_loss: 0.587459 acc: 0.8080% slot f1: 0.9774 sent acc: 0.7480 

[0.00025]
loss domain: 0.6766718626022339
epoch: 73|    step: 100 |    loss: 0.6766718626022339

Evaluation - intent_loss: 0.664681 slot_loss: 0.573721 acc: 0.8300% slot f1: 0.9768 sent acc: 0.7620 

[0.00025]
loss domain: 0.43789219856262207
epoch: 74|    step: 100 |    loss: 0.43789219856262207

Evaluation - intent_loss: 0.725442 slot_loss: 0.588278 acc: 0.8080% slot f1: 0.9765 sent acc: 0.7400 

[0.00025]
loss domain: 0.42464810609817505
epoch: 75|    step: 100 |    loss: 0.42464810609817505

Evaluation - intent_loss: 0.652499 slot_loss: 0.578958 acc: 0.8320% slot f1: 0.9789 sent acc: 0.7680 

[0.00025]
loss domain: 0.5115419626235962
epoch: 76|    step: 100 |    loss: 0.5115419626235962

Evaluation - intent_loss: 0.696338 slot_loss: 0.591920 acc: 0.8100% slot f1: 0.9766 sent acc: 0.7400 

[0.00025]
loss domain: 0.5898181796073914
epoch: 77|    step: 100 |    loss: 0.5898181796073914

Evaluation - intent_loss: 0.675371 slot_loss: 0.589301 acc: 0.8280% slot f1: 0.9771 sent acc: 0.7640 

[0.00025]
loss domain: 0.51014244556427
epoch: 78|    step: 100 |    loss: 0.51014244556427

Evaluation - intent_loss: 0.727768 slot_loss: 0.583010 acc: 0.7940% slot f1: 0.9748 sent acc: 0.7260 

[0.00025]
loss domain: 0.4680754840373993
epoch: 79|    step: 100 |    loss: 0.4680754840373993

Evaluation - intent_loss: 0.678159 slot_loss: 0.560846 acc: 0.8020% slot f1: 0.9763 sent acc: 0.7360 

[0.00025]
loss domain: 0.24277888238430023
epoch: 80|    step: 100 |    loss: 0.24277888238430023

Evaluation - intent_loss: 0.796214 slot_loss: 0.560069 acc: 0.7780% slot f1: 0.9751 sent acc: 0.7120 

[0.00025]
loss domain: 0.35840287804603577
epoch: 81|    step: 100 |    loss: 0.35840287804603577

Evaluation - intent_loss: 0.700331 slot_loss: 0.573846 acc: 0.8160% slot f1: 0.9757 sent acc: 0.7500 

[0.00025]
loss domain: 0.5272349119186401
epoch: 82|    step: 100 |    loss: 0.5272349119186401

Evaluation - intent_loss: 0.806763 slot_loss: 0.564040 acc: 0.7820% slot f1: 0.9763 sent acc: 0.7160 

[0.00025]
loss domain: 0.5272310376167297
epoch: 83|    step: 100 |    loss: 0.5272310376167297

Evaluation - intent_loss: 0.855466 slot_loss: 0.553458 acc: 0.7540% slot f1: 0.9780 sent acc: 0.6980 

[0.00025]
loss domain: 0.757213294506073
epoch: 84|    step: 100 |    loss: 0.757213294506073

Evaluation - intent_loss: 0.701188 slot_loss: 0.559913 acc: 0.8240% slot f1: 0.9777 sent acc: 0.7620 

[0.00025]
loss domain: 0.4032121002674103
epoch: 85|    step: 100 |    loss: 0.4032121002674103

Evaluation - intent_loss: 0.769175 slot_loss: 0.546829 acc: 0.7880% slot f1: 0.9765 sent acc: 0.7260 

[0.00025]
loss domain: 0.5330925583839417
epoch: 86|    step: 100 |    loss: 0.5330925583839417

Evaluation - intent_loss: 0.817674 slot_loss: 0.561653 acc: 0.7740% slot f1: 0.9751 sent acc: 0.7100 

[0.00025]
loss domain: 0.25220319628715515
epoch: 87|    step: 100 |    loss: 0.25220319628715515

Evaluation - intent_loss: 0.661448 slot_loss: 0.550169 acc: 0.8260% slot f1: 0.9780 sent acc: 0.7640 

[0.00025]
loss domain: 0.37750717997550964
epoch: 88|    step: 100 |    loss: 0.37750717997550964

Evaluation - intent_loss: 0.767375 slot_loss: 0.567330 acc: 0.7880% slot f1: 0.9757 sent acc: 0.7200 

[0.00025]
loss domain: 0.3059367835521698
epoch: 89|    step: 100 |    loss: 0.3059367835521698

Evaluation - intent_loss: 0.819470 slot_loss: 0.567043 acc: 0.7640% slot f1: 0.9769 sent acc: 0.7020 

[0.00025]
loss domain: 0.6081801056861877
epoch: 90|    step: 100 |    loss: 0.6081801056861877

Evaluation - intent_loss: 0.860356 slot_loss: 0.559097 acc: 0.7600% slot f1: 0.9774 sent acc: 0.7000 

[0.00025]
loss domain: 0.43411150574684143
epoch: 91|    step: 100 |    loss: 0.43411150574684143

Evaluation - intent_loss: 0.829017 slot_loss: 0.555491 acc: 0.7740% slot f1: 0.9766 sent acc: 0.7160 

[0.00025]
loss domain: 0.39505162835121155
epoch: 92|    step: 100 |    loss: 0.39505162835121155

Evaluation - intent_loss: 0.812301 slot_loss: 0.557286 acc: 0.7840% slot f1: 0.9769 sent acc: 0.7200 

[0.00025]
loss domain: 0.5429907441139221
epoch: 93|    step: 100 |    loss: 0.5429907441139221

Evaluation - intent_loss: 0.722294 slot_loss: 0.550798 acc: 0.8120% slot f1: 0.9766 sent acc: 0.7480 

[0.00025]
loss domain: 0.4965716302394867
epoch: 94|    step: 100 |    loss: 0.4965716302394867

Evaluation - intent_loss: 0.834898 slot_loss: 0.546321 acc: 0.7740% slot f1: 0.9757 sent acc: 0.7100 

[0.00025]
loss domain: 0.4757479727268219
epoch: 95|    step: 100 |    loss: 0.4757479727268219

Evaluation - intent_loss: 0.857094 slot_loss: 0.554411 acc: 0.7760% slot f1: 0.9760 sent acc: 0.7120 

[0.00025]
loss domain: 0.48432549834251404
epoch: 96|    step: 100 |    loss: 0.48432549834251404

Evaluation - intent_loss: 0.938724 slot_loss: 0.565229 acc: 0.7380% slot f1: 0.9766 sent acc: 0.6740 

[0.00025]
loss domain: 0.6115557551383972
epoch: 97|    step: 100 |    loss: 0.6115557551383972

Evaluation - intent_loss: 0.795732 slot_loss: 0.560503 acc: 0.7720% slot f1: 0.9763 sent acc: 0.7140 

[0.00025]
loss domain: 0.4587605893611908
epoch: 98|    step: 100 |    loss: 0.4587605893611908

Evaluation - intent_loss: 0.940714 slot_loss: 0.558631 acc: 0.7440% slot f1: 0.9780 sent acc: 0.6840 

[0.00025]
loss domain: 0.5382668972015381
epoch: 99|    step: 100 |    loss: 0.5382668972015381

Evaluation - intent_loss: 0.967999 slot_loss: 0.579144 acc: 0.7480% slot f1: 0.9780 sent acc: 0.6880 

best_slot_f1: [0.768, 0.9788732394366197, 0.832, 75]
best_intent_acc: [0.884, 0.9709080223332354, 0.966, 20]
best_sent_acc: [0.892, 0.9785860956292168, 0.956, 41]
超过最大长度的样本数量为： 0
14
              precision    recall  f1-score   support

           0       0.96      0.73      0.83        33
           1       1.00      0.78      0.88         9
           2       0.00      0.00      0.00         0
           3       0.78      0.94      0.85        48
           4       0.00      0.00      0.00         1
           5       0.00      0.00      0.00         0
           6       0.93      0.74      0.82        38
           7       0.00      0.00      0.00         0
           8       1.00      0.56      0.71        18
           9       1.00      0.76      0.86        21
          10       0.00      0.00      0.00         0
          11       0.22      0.33      0.27         6
          12       0.00      0.00      0.00         2
          13       0.45      0.50      0.48        10
          14       0.97      0.89      0.93       632
          15       0.21      0.25      0.23        12
          16       0.00      0.00      0.00         1
          17       0.25      0.50      0.33         8
          18       0.00      0.00      0.00         1
          19       0.33      1.00      0.50         1
          20       0.75      0.86      0.80         7
          21       0.85      0.81      0.83        36
          22       0.00      0.00      0.00         0
          23       0.00      0.00      0.00         6
          24       0.21      1.00      0.35         3
          25       0.00      0.00      0.00         0

    accuracy                           0.84       893
   macro avg       0.38      0.41      0.37       893
weighted avg       0.91      0.84      0.87       893


Evaluation -  acc: 0.8365% slot f1: 0.9549 sent_acc: 0.7447  

