1. load config and dict
超过最大长度的样本数量为： 15
16
超过最大长度的样本数量为： 3
14
[0.001]
loss domain: 19.214746475219727
epoch: 0|    step: 100 |    loss: 19.214746475219727

Evaluation - intent_loss: 1.222054 slot_loss: 12.043520 acc: 0.7140% slot f1: 0.5455 sent acc: 0.1480 

[0.001]
loss domain: 7.338396072387695
epoch: 1|    step: 100 |    loss: 7.338396072387695

Evaluation - intent_loss: 0.959942 slot_loss: 5.801359 acc: 0.7640% slot f1: 0.7447 sent acc: 0.3440 

[0.001]
loss domain: 5.323371410369873
epoch: 2|    step: 100 |    loss: 5.323371410369873

Evaluation - intent_loss: 0.779079 slot_loss: 3.702021 acc: 0.8080% slot f1: 0.8246 sent acc: 0.4880 

[0.001]
loss domain: 3.9309139251708984
epoch: 3|    step: 100 |    loss: 3.9309139251708984

Evaluation - intent_loss: 0.679836 slot_loss: 2.634468 acc: 0.8340% slot f1: 0.8576 sent acc: 0.5620 

[0.001]
loss domain: 3.150883674621582
epoch: 4|    step: 100 |    loss: 3.150883674621582

Evaluation - intent_loss: 0.522856 slot_loss: 2.062430 acc: 0.8780% slot f1: 0.8762 sent acc: 0.6320 

[0.001]
loss domain: 2.1325559616088867
epoch: 5|    step: 100 |    loss: 2.1325559616088867

Evaluation - intent_loss: 0.485775 slot_loss: 1.602375 acc: 0.8920% slot f1: 0.8910 sent acc: 0.6700 

[0.001]
loss domain: 1.7568495273590088
epoch: 6|    step: 100 |    loss: 1.7568495273590088

Evaluation - intent_loss: 0.377170 slot_loss: 1.258413 acc: 0.9100% slot f1: 0.9125 sent acc: 0.7240 

[0.001]
loss domain: 1.5377461910247803
epoch: 7|    step: 100 |    loss: 1.5377461910247803

Evaluation - intent_loss: 0.308215 slot_loss: 1.075900 acc: 0.9280% slot f1: 0.9337 sent acc: 0.7660 

[0.001]
loss domain: 2.0521726608276367
epoch: 8|    step: 100 |    loss: 2.0521726608276367

Evaluation - intent_loss: 0.241394 slot_loss: 0.860423 acc: 0.9460% slot f1: 0.9495 sent acc: 0.8080 

[0.001]
loss domain: 1.2030375003814697
epoch: 9|    step: 100 |    loss: 1.2030375003814697

Evaluation - intent_loss: 0.218152 slot_loss: 0.770922 acc: 0.9420% slot f1: 0.9580 sent acc: 0.8220 

[0.001]
loss domain: 0.5636525750160217
epoch: 10|    step: 100 |    loss: 0.5636525750160217

Evaluation - intent_loss: 0.219094 slot_loss: 0.708644 acc: 0.9460% slot f1: 0.9583 sent acc: 0.8200 

[0.001]
loss domain: 0.5592959523200989
epoch: 11|    step: 100 |    loss: 0.5592959523200989

Evaluation - intent_loss: 0.184377 slot_loss: 0.680109 acc: 0.9540% slot f1: 0.9605 sent acc: 0.8480 

[0.001]
loss domain: 0.30158016085624695
epoch: 12|    step: 100 |    loss: 0.30158016085624695

Evaluation - intent_loss: 0.203266 slot_loss: 0.631644 acc: 0.9560% slot f1: 0.9640 sent acc: 0.8600 

[0.001]
loss domain: 0.3404536843299866
epoch: 13|    step: 100 |    loss: 0.3404536843299866

Evaluation - intent_loss: 0.166073 slot_loss: 0.601070 acc: 0.9600% slot f1: 0.9643 sent acc: 0.8620 

[0.001]
loss domain: 0.7309759259223938
epoch: 14|    step: 100 |    loss: 0.7309759259223938

Evaluation - intent_loss: 0.179925 slot_loss: 0.596920 acc: 0.9640% slot f1: 0.9695 sent acc: 0.8700 

[0.001]
loss domain: 0.5386872291564941
epoch: 15|    step: 100 |    loss: 0.5386872291564941

Evaluation - intent_loss: 0.130169 slot_loss: 0.542689 acc: 0.9740% slot f1: 0.9707 sent acc: 0.8800 

[0.001]
loss domain: 1.0177395343780518
epoch: 16|    step: 100 |    loss: 1.0177395343780518

Evaluation - intent_loss: 0.159081 slot_loss: 0.529486 acc: 0.9620% slot f1: 0.9725 sent acc: 0.8800 

[0.001]
loss domain: 1.049271821975708
epoch: 17|    step: 100 |    loss: 1.049271821975708

Evaluation - intent_loss: 0.145765 slot_loss: 0.557314 acc: 0.9680% slot f1: 0.9685 sent acc: 0.8740 

[0.001]
loss domain: 0.34515663981437683
epoch: 18|    step: 100 |    loss: 0.34515663981437683

Evaluation - intent_loss: 0.153108 slot_loss: 0.623773 acc: 0.9700% slot f1: 0.9679 sent acc: 0.8720 

[0.001]
loss domain: 0.40563446283340454
epoch: 19|    step: 100 |    loss: 0.40563446283340454

Evaluation - intent_loss: 0.136300 slot_loss: 0.550314 acc: 0.9700% slot f1: 0.9716 sent acc: 0.8860 

[0.001]
loss domain: 0.1218775063753128
epoch: 20|    step: 100 |    loss: 0.1218775063753128

Evaluation - intent_loss: 0.149786 slot_loss: 0.481654 acc: 0.9680% slot f1: 0.9745 sent acc: 0.8940 

[0.001]
loss domain: 0.2533580958843231
epoch: 21|    step: 100 |    loss: 0.2533580958843231

Evaluation - intent_loss: 0.118967 slot_loss: 0.488562 acc: 0.9740% slot f1: 0.9721 sent acc: 0.8880 

[0.001]
loss domain: 0.6252299547195435
epoch: 22|    step: 100 |    loss: 0.6252299547195435

Evaluation - intent_loss: 0.129602 slot_loss: 0.524019 acc: 0.9760% slot f1: 0.9721 sent acc: 0.8900 

[0.001]
loss domain: 0.2758950889110565
epoch: 23|    step: 100 |    loss: 0.2758950889110565

Evaluation - intent_loss: 0.142185 slot_loss: 0.580292 acc: 0.9720% slot f1: 0.9681 sent acc: 0.8880 

[0.001]
loss domain: 0.31441792845726013
epoch: 24|    step: 100 |    loss: 0.31441792845726013

Evaluation - intent_loss: 0.145029 slot_loss: 0.517148 acc: 0.9720% slot f1: 0.9734 sent acc: 0.8960 

[0.001]
loss domain: 0.2753598690032959
epoch: 25|    step: 100 |    loss: 0.2753598690032959

Evaluation - intent_loss: 0.141513 slot_loss: 0.488054 acc: 0.9720% slot f1: 0.9754 sent acc: 0.8980 

[0.001]
loss domain: 0.5243500471115112
epoch: 26|    step: 100 |    loss: 0.5243500471115112

Evaluation - intent_loss: 0.168159 slot_loss: 0.516807 acc: 0.9740% slot f1: 0.9719 sent acc: 0.8960 

[0.001]
loss domain: 0.2593546211719513
epoch: 27|    step: 100 |    loss: 0.2593546211719513

Evaluation - intent_loss: 0.129670 slot_loss: 0.556880 acc: 0.9740% slot f1: 0.9725 sent acc: 0.8900 

[0.001]
loss domain: 0.3856636881828308
epoch: 28|    step: 100 |    loss: 0.3856636881828308

Evaluation - intent_loss: 0.140227 slot_loss: 0.557686 acc: 0.9760% slot f1: 0.9731 sent acc: 0.8940 

[0.001]
loss domain: 0.47461143136024475
epoch: 29|    step: 100 |    loss: 0.47461143136024475

Evaluation - intent_loss: 0.151543 slot_loss: 0.544501 acc: 0.9760% slot f1: 0.9725 sent acc: 0.8920 

[0.001]
loss domain: 0.1767364889383316
epoch: 30|    step: 100 |    loss: 0.1767364889383316

Evaluation - intent_loss: 0.131506 slot_loss: 0.583917 acc: 0.9800% slot f1: 0.9722 sent acc: 0.8880 

[0.001]
loss domain: 0.1552383452653885
epoch: 31|    step: 100 |    loss: 0.1552383452653885

Evaluation - intent_loss: 0.136629 slot_loss: 0.539437 acc: 0.9760% slot f1: 0.9736 sent acc: 0.9000 

[0.001]
loss domain: 0.23696766793727875
epoch: 32|    step: 100 |    loss: 0.23696766793727875

Evaluation - intent_loss: 0.144995 slot_loss: 0.559073 acc: 0.9760% slot f1: 0.9743 sent acc: 0.8940 

[0.001]
loss domain: 0.08359070122241974
epoch: 33|    step: 100 |    loss: 0.08359070122241974

Evaluation - intent_loss: 0.165534 slot_loss: 0.459575 acc: 0.9780% slot f1: 0.9769 sent acc: 0.9080 

[0.001]
loss domain: 0.24541573226451874
epoch: 34|    step: 100 |    loss: 0.24541573226451874

Evaluation - intent_loss: 0.171314 slot_loss: 0.526360 acc: 0.9720% slot f1: 0.9768 sent acc: 0.9060 

[0.001]
loss domain: 0.2821114957332611
epoch: 35|    step: 100 |    loss: 0.2821114957332611

Evaluation - intent_loss: 0.143310 slot_loss: 0.594462 acc: 0.9760% slot f1: 0.9719 sent acc: 0.8900 

[0.001]
loss domain: 0.17303164303302765
epoch: 36|    step: 100 |    loss: 0.17303164303302765

Evaluation - intent_loss: 0.178023 slot_loss: 0.525379 acc: 0.9760% slot f1: 0.9760 sent acc: 0.9000 

[0.001]
loss domain: 0.23228615522384644
epoch: 37|    step: 100 |    loss: 0.23228615522384644

Evaluation - intent_loss: 0.159404 slot_loss: 0.577565 acc: 0.9720% slot f1: 0.9766 sent acc: 0.9040 

[0.001]
loss domain: 0.49749645590782166
epoch: 38|    step: 100 |    loss: 0.49749645590782166

Evaluation - intent_loss: 0.149313 slot_loss: 0.588353 acc: 0.9820% slot f1: 0.9757 sent acc: 0.9040 

[0.001]
loss domain: 0.025416100397706032
epoch: 39|    step: 100 |    loss: 0.025416100397706032

Evaluation - intent_loss: 0.159157 slot_loss: 0.503207 acc: 0.9740% slot f1: 0.9754 sent acc: 0.8980 

[0.00025]
loss domain: 0.009578938595950603
epoch: 40|    step: 100 |    loss: 0.009578938595950603

Evaluation - intent_loss: 0.166654 slot_loss: 0.480728 acc: 0.9740% slot f1: 0.9766 sent acc: 0.9020 

[0.0005]
loss domain: 0.008389065973460674
epoch: 41|    step: 100 |    loss: 0.008389065973460674

Evaluation - intent_loss: 0.177797 slot_loss: 0.502390 acc: 0.9740% slot f1: 0.9769 sent acc: 0.9000 

[0.0005]
loss domain: 0.022594502195715904
epoch: 42|    step: 100 |    loss: 0.022594502195715904

Evaluation - intent_loss: 0.177319 slot_loss: 0.500449 acc: 0.9720% slot f1: 0.9763 sent acc: 0.8980 

[0.0005]
loss domain: 0.011669779196381569
epoch: 43|    step: 100 |    loss: 0.011669779196381569

Evaluation - intent_loss: 0.206734 slot_loss: 0.513649 acc: 0.9740% slot f1: 0.9772 sent acc: 0.8980 

[0.0005]
loss domain: 0.007407166995108128
epoch: 44|    step: 100 |    loss: 0.007407166995108128

Evaluation - intent_loss: 0.173221 slot_loss: 0.525439 acc: 0.9740% slot f1: 0.9774 sent acc: 0.9020 

[0.0005]
loss domain: 0.018102195113897324
epoch: 45|    step: 100 |    loss: 0.018102195113897324

Evaluation - intent_loss: 0.187945 slot_loss: 0.535863 acc: 0.9760% slot f1: 0.9777 sent acc: 0.9040 

[0.0005]
loss domain: 0.05681567266583443
epoch: 46|    step: 100 |    loss: 0.05681567266583443

Evaluation - intent_loss: 0.166597 slot_loss: 0.518694 acc: 0.9760% slot f1: 0.9774 sent acc: 0.9060 

[0.0005]
loss domain: 0.0191652812063694
epoch: 47|    step: 100 |    loss: 0.0191652812063694

Evaluation - intent_loss: 0.194546 slot_loss: 0.518927 acc: 0.9680% slot f1: 0.9783 sent acc: 0.9020 

[0.0005]
loss domain: 0.033566877245903015
epoch: 48|    step: 100 |    loss: 0.033566877245903015

Evaluation - intent_loss: 0.184438 slot_loss: 0.515772 acc: 0.9760% slot f1: 0.9783 sent acc: 0.9040 

[0.0005]
loss domain: 0.005072358995676041
epoch: 49|    step: 100 |    loss: 0.005072358995676041

Evaluation - intent_loss: 0.184809 slot_loss: 0.507134 acc: 0.9780% slot f1: 0.9792 sent acc: 0.9120 

[0.0005]
loss domain: 0.0075610484927892685
epoch: 50|    step: 100 |    loss: 0.0075610484927892685

Evaluation - intent_loss: 0.186913 slot_loss: 0.531968 acc: 0.9760% slot f1: 0.9766 sent acc: 0.9020 

[0.0005]
loss domain: 0.002521379152312875
epoch: 51|    step: 100 |    loss: 0.002521379152312875

Evaluation - intent_loss: 0.201717 slot_loss: 0.532339 acc: 0.9720% slot f1: 0.9774 sent acc: 0.9000 

[0.0005]
loss domain: 0.018488595262169838
epoch: 52|    step: 100 |    loss: 0.018488595262169838

Evaluation - intent_loss: 0.185678 slot_loss: 0.537987 acc: 0.9720% slot f1: 0.9771 sent acc: 0.8960 

[0.0005]
loss domain: 0.01879313215613365
epoch: 53|    step: 100 |    loss: 0.01879313215613365

Evaluation - intent_loss: 0.174901 slot_loss: 0.535408 acc: 0.9760% slot f1: 0.9786 sent acc: 0.9060 

[0.0005]
loss domain: 0.011333024129271507
epoch: 54|    step: 100 |    loss: 0.011333024129271507

Evaluation - intent_loss: 0.181972 slot_loss: 0.524135 acc: 0.9740% slot f1: 0.9780 sent acc: 0.9040 

[0.0005]
loss domain: 0.021328356117010117
epoch: 55|    step: 100 |    loss: 0.021328356117010117

Evaluation - intent_loss: 0.175114 slot_loss: 0.518042 acc: 0.9740% slot f1: 0.9768 sent acc: 0.9060 

[0.0005]
loss domain: 0.01805448904633522
epoch: 56|    step: 100 |    loss: 0.01805448904633522

Evaluation - intent_loss: 0.180555 slot_loss: 0.501219 acc: 0.9720% slot f1: 0.9774 sent acc: 0.9040 

[0.0005]
loss domain: 0.003111450932919979
epoch: 57|    step: 100 |    loss: 0.003111450932919979

Evaluation - intent_loss: 0.178111 slot_loss: 0.531343 acc: 0.9740% slot f1: 0.9769 sent acc: 0.9000 

[0.0005]
loss domain: 0.006655410397797823
epoch: 58|    step: 100 |    loss: 0.006655410397797823

Evaluation - intent_loss: 0.205316 slot_loss: 0.554020 acc: 0.9720% slot f1: 0.9774 sent acc: 0.9020 

[0.0005]
loss domain: 0.004307255148887634
epoch: 59|    step: 100 |    loss: 0.004307255148887634

Evaluation - intent_loss: 0.193983 slot_loss: 0.505647 acc: 0.9680% slot f1: 0.9777 sent acc: 0.8920 

[0.0005]
loss domain: 0.016856258735060692
epoch: 60|    step: 100 |    loss: 0.016856258735060692

Evaluation - intent_loss: 0.179215 slot_loss: 0.520037 acc: 0.9760% slot f1: 0.9751 sent acc: 0.8980 

[0.0005]
loss domain: 0.02569517120718956
epoch: 61|    step: 100 |    loss: 0.02569517120718956

Evaluation - intent_loss: 0.205608 slot_loss: 0.520308 acc: 0.9760% slot f1: 0.9769 sent acc: 0.9040 

[0.0005]
loss domain: 0.015867216512560844
epoch: 62|    step: 100 |    loss: 0.015867216512560844

Evaluation - intent_loss: 0.227451 slot_loss: 0.491027 acc: 0.9680% slot f1: 0.9786 sent acc: 0.9000 

[0.0005]
loss domain: 0.019689615815877914
epoch: 63|    step: 100 |    loss: 0.019689615815877914

Evaluation - intent_loss: 0.221269 slot_loss: 0.513871 acc: 0.9720% slot f1: 0.9765 sent acc: 0.8980 

[0.0005]
loss domain: 0.0018967953510582447
epoch: 64|    step: 100 |    loss: 0.0018967953510582447

Evaluation - intent_loss: 0.214158 slot_loss: 0.519312 acc: 0.9720% slot f1: 0.9786 sent acc: 0.8980 

[0.0005]
loss domain: 0.012110283598303795
epoch: 65|    step: 100 |    loss: 0.012110283598303795

Evaluation - intent_loss: 0.164685 slot_loss: 0.523482 acc: 0.9760% slot f1: 0.9777 sent acc: 0.9060 

[0.0005]
loss domain: 0.020801633596420288
epoch: 66|    step: 100 |    loss: 0.020801633596420288

Evaluation - intent_loss: 0.197572 slot_loss: 0.485124 acc: 0.9720% slot f1: 0.9775 sent acc: 0.9020 

[0.0005]
loss domain: 0.011966481804847717
epoch: 67|    step: 100 |    loss: 0.011966481804847717

Evaluation - intent_loss: 0.208435 slot_loss: 0.535145 acc: 0.9740% slot f1: 0.9777 sent acc: 0.8980 

[0.0005]
loss domain: 0.02681252919137478
epoch: 68|    step: 100 |    loss: 0.02681252919137478

Evaluation - intent_loss: 0.189519 slot_loss: 0.547282 acc: 0.9780% slot f1: 0.9754 sent acc: 0.9000 

[0.0005]
loss domain: 0.01855660416185856
epoch: 69|    step: 100 |    loss: 0.01855660416185856

Evaluation - intent_loss: 0.203167 slot_loss: 0.570028 acc: 0.9780% slot f1: 0.9742 sent acc: 0.8940 

[0.000125]
loss domain: 0.0041348738595843315
epoch: 70|    step: 100 |    loss: 0.0041348738595843315

Evaluation - intent_loss: 0.214571 slot_loss: 0.539883 acc: 0.9760% slot f1: 0.9763 sent acc: 0.8980 

[0.00025]
loss domain: 0.015123523771762848
epoch: 71|    step: 100 |    loss: 0.015123523771762848

Evaluation - intent_loss: 0.228882 slot_loss: 0.554033 acc: 0.9740% slot f1: 0.9760 sent acc: 0.8960 

[0.00025]
loss domain: 0.0016926071839407086
epoch: 72|    step: 100 |    loss: 0.0016926071839407086

Evaluation - intent_loss: 0.223338 slot_loss: 0.569822 acc: 0.9760% slot f1: 0.9766 sent acc: 0.8980 

[0.00025]
loss domain: 0.007116236723959446
epoch: 73|    step: 100 |    loss: 0.007116236723959446

Evaluation - intent_loss: 0.189364 slot_loss: 0.588230 acc: 0.9760% slot f1: 0.9777 sent acc: 0.9020 

[0.00025]
loss domain: 0.0013285037130117416
epoch: 74|    step: 100 |    loss: 0.0013285037130117416

Evaluation - intent_loss: 0.199006 slot_loss: 0.571836 acc: 0.9760% slot f1: 0.9774 sent acc: 0.9040 

[0.00025]
loss domain: 0.006771948654204607
epoch: 75|    step: 100 |    loss: 0.006771948654204607

Evaluation - intent_loss: 0.212271 slot_loss: 0.550916 acc: 0.9740% slot f1: 0.9780 sent acc: 0.9020 

[0.00025]
loss domain: 0.02900565415620804
epoch: 76|    step: 100 |    loss: 0.02900565415620804

Evaluation - intent_loss: 0.202274 slot_loss: 0.570459 acc: 0.9740% slot f1: 0.9772 sent acc: 0.9040 

[0.00025]
loss domain: 0.008979729376733303
epoch: 77|    step: 100 |    loss: 0.008979729376733303

Evaluation - intent_loss: 0.191625 slot_loss: 0.559011 acc: 0.9760% slot f1: 0.9774 sent acc: 0.9040 

[0.00025]
loss domain: 0.001547478255815804
epoch: 78|    step: 100 |    loss: 0.001547478255815804

Evaluation - intent_loss: 0.189288 slot_loss: 0.571238 acc: 0.9760% slot f1: 0.9795 sent acc: 0.9100 

[0.00025]
loss domain: 0.017337491735816002
epoch: 79|    step: 100 |    loss: 0.017337491735816002

Evaluation - intent_loss: 0.213578 slot_loss: 0.572750 acc: 0.9780% slot f1: 0.9798 sent acc: 0.9100 

[0.00025]
loss domain: 0.0008932711207307875
epoch: 80|    step: 100 |    loss: 0.0008932711207307875

Evaluation - intent_loss: 0.196989 slot_loss: 0.576991 acc: 0.9800% slot f1: 0.9780 sent acc: 0.9060 

[0.00025]
loss domain: 0.006352349184453487
epoch: 81|    step: 100 |    loss: 0.006352349184453487

Evaluation - intent_loss: 0.193305 slot_loss: 0.589435 acc: 0.9740% slot f1: 0.9774 sent acc: 0.9020 

[0.00025]
loss domain: 0.007834803313016891
epoch: 82|    step: 100 |    loss: 0.007834803313016891

Evaluation - intent_loss: 0.216811 slot_loss: 0.574154 acc: 0.9740% slot f1: 0.9772 sent acc: 0.8980 

[0.00025]
loss domain: 0.12356847524642944
epoch: 83|    step: 100 |    loss: 0.12356847524642944

Evaluation - intent_loss: 0.221890 slot_loss: 0.580096 acc: 0.9700% slot f1: 0.9783 sent acc: 0.8980 

[0.00025]
loss domain: 0.0034340606071054935
epoch: 84|    step: 100 |    loss: 0.0034340606071054935

Evaluation - intent_loss: 0.228135 slot_loss: 0.554513 acc: 0.9700% slot f1: 0.9780 sent acc: 0.8960 

[0.00025]
loss domain: 0.010666693560779095
epoch: 85|    step: 100 |    loss: 0.010666693560779095

Evaluation - intent_loss: 0.194243 slot_loss: 0.547677 acc: 0.9740% slot f1: 0.9765 sent acc: 0.8980 

[0.00025]
loss domain: 0.0032695853151381016
epoch: 86|    step: 100 |    loss: 0.0032695853151381016

Evaluation - intent_loss: 0.245329 slot_loss: 0.565792 acc: 0.9740% slot f1: 0.9769 sent acc: 0.8980 

[0.00025]
loss domain: 0.0016830984968692064
epoch: 87|    step: 100 |    loss: 0.0016830984968692064

Evaluation - intent_loss: 0.216655 slot_loss: 0.552848 acc: 0.9760% slot f1: 0.9786 sent acc: 0.8980 

[0.00025]
loss domain: 0.0018760471139103174
epoch: 88|    step: 100 |    loss: 0.0018760471139103174

Evaluation - intent_loss: 0.204099 slot_loss: 0.578177 acc: 0.9780% slot f1: 0.9786 sent acc: 0.9040 

[0.00025]
loss domain: 0.002226946409791708
epoch: 89|    step: 100 |    loss: 0.002226946409791708

Evaluation - intent_loss: 0.210928 slot_loss: 0.579792 acc: 0.9760% slot f1: 0.9771 sent acc: 0.9000 

[0.00025]
loss domain: 0.001727786147966981
epoch: 90|    step: 100 |    loss: 0.001727786147966981

Evaluation - intent_loss: 0.234904 slot_loss: 0.567759 acc: 0.9760% slot f1: 0.9780 sent acc: 0.8980 

[0.00025]
loss domain: 0.00262508075684309
epoch: 91|    step: 100 |    loss: 0.00262508075684309

Evaluation - intent_loss: 0.225402 slot_loss: 0.573964 acc: 0.9760% slot f1: 0.9789 sent acc: 0.9000 

[0.00025]
loss domain: 0.020053723827004433
epoch: 92|    step: 100 |    loss: 0.020053723827004433

Evaluation - intent_loss: 0.222508 slot_loss: 0.539586 acc: 0.9760% slot f1: 0.9780 sent acc: 0.9020 

[0.00025]
loss domain: 0.004249332007020712
epoch: 93|    step: 100 |    loss: 0.004249332007020712

Evaluation - intent_loss: 0.238212 slot_loss: 0.560786 acc: 0.9740% slot f1: 0.9780 sent acc: 0.9000 

[0.00025]
loss domain: 0.0020171909127384424
epoch: 94|    step: 100 |    loss: 0.0020171909127384424

Evaluation - intent_loss: 0.198548 slot_loss: 0.565348 acc: 0.9780% slot f1: 0.9786 sent acc: 0.9040 

[0.00025]
loss domain: 0.004163437522947788
epoch: 95|    step: 100 |    loss: 0.004163437522947788

Evaluation - intent_loss: 0.229118 slot_loss: 0.558820 acc: 0.9780% slot f1: 0.9786 sent acc: 0.9060 

[0.00025]
loss domain: 0.006992647890001535
epoch: 96|    step: 100 |    loss: 0.006992647890001535

Evaluation - intent_loss: 0.223509 slot_loss: 0.572715 acc: 0.9780% slot f1: 0.9801 sent acc: 0.9120 

[0.00025]
loss domain: 0.0013014822034165263
epoch: 97|    step: 100 |    loss: 0.0013014822034165263

Evaluation - intent_loss: 0.239325 slot_loss: 0.548009 acc: 0.9740% slot f1: 0.9801 sent acc: 0.9060 

[0.00025]
loss domain: 0.0053964946419000626
epoch: 98|    step: 100 |    loss: 0.0053964946419000626

Evaluation - intent_loss: 0.220242 slot_loss: 0.567910 acc: 0.9700% slot f1: 0.9763 sent acc: 0.8940 

[0.00025]
loss domain: 0.0014358607586473227
epoch: 99|    step: 100 |    loss: 0.0014358607586473227

Evaluation - intent_loss: 0.214319 slot_loss: 0.575673 acc: 0.9720% slot f1: 0.9786 sent acc: 0.9000 

best_slot_f1: [0.906, 0.9800820152314001, 0.974, 97]
best_intent_acc: [0.904, 0.9756812188690301, 0.982, 38]
best_sent_acc: [0.912, 0.979197187225315, 0.978, 49]
超过最大长度的样本数量为： 0
14
              precision    recall  f1-score   support

           0       1.00      0.97      0.98        33
           1       1.00      0.89      0.94         9
           2       0.00      0.00      0.00         0
           3       0.94      1.00      0.97        48
           4       0.00      0.00      0.00         1
           6       1.00      1.00      1.00        38
           8       0.85      0.94      0.89        18
           9       1.00      0.95      0.98        21
          11       0.80      0.67      0.73         6
          12       0.00      0.00      0.00         2
          13       1.00      1.00      1.00        10
          14       0.99      0.99      0.99       632
          15       0.82      0.75      0.78        12
          16       0.00      0.00      0.00         1
          17       0.89      1.00      0.94         8
          18       0.00      0.00      0.00         1
          19       0.50      1.00      0.67         1
          20       1.00      1.00      1.00         7
          21       1.00      1.00      1.00        36
          23       1.00      0.83      0.91         6
          24       0.38      1.00      0.55         3
          25       0.00      0.00      0.00         0

    accuracy                           0.98       893
   macro avg       0.64      0.68      0.65       893
weighted avg       0.98      0.98      0.97       893


Evaluation -  acc: 0.9754% slot f1: 0.9583 sent_acc: 0.8712  

